TN:
SF:src/index.js
FN:19,(anonymous_0)
FNF:1
FNH:0
FNDA:0,(anonymous_0)
DA:2,0
DA:3,0
DA:4,0
DA:5,0
DA:6,0
DA:9,0
DA:10,0
DA:11,0
DA:12,0
DA:13,0
DA:14,0
DA:17,0
DA:18,0
DA:19,0
DA:20,0
DA:21,0
LF:16
LH:0
BRDA:17,0,0,0
BRDA:17,0,1,0
BRF:2
BRH:0
end_of_record
TN:
SF:src/language-detector.js
FN:17,(anonymous_0)
FN:37,(anonymous_1)
FN:53,(anonymous_2)
FN:76,(anonymous_3)
FN:90,(anonymous_4)
FN:164,(anonymous_5)
FN:224,(anonymous_6)
FN:285,(anonymous_7)
FN:345,(anonymous_8)
FN:401,(anonymous_9)
FN:457,(anonymous_10)
FN:515,(anonymous_11)
FN:572,(anonymous_12)
FN:630,(anonymous_13)
FNF:14
FNH:0
FNDA:0,(anonymous_0)
FNDA:0,(anonymous_1)
FNDA:0,(anonymous_2)
FNDA:0,(anonymous_3)
FNDA:0,(anonymous_4)
FNDA:0,(anonymous_5)
FNDA:0,(anonymous_6)
FNDA:0,(anonymous_7)
FNDA:0,(anonymous_8)
FNDA:0,(anonymous_9)
FNDA:0,(anonymous_10)
FNDA:0,(anonymous_11)
FNDA:0,(anonymous_12)
FNDA:0,(anonymous_13)
DA:18,0
DA:38,0
DA:39,0
DA:42,0
DA:45,0
DA:46,0
DA:47,0
DA:48,0
DA:53,0
DA:55,0
DA:56,0
DA:59,0
DA:62,0
DA:63,0
DA:66,0
DA:77,0
DA:91,0
DA:92,0
DA:95,0
DA:111,0
DA:120,0
DA:126,0
DA:127,0
DA:128,0
DA:133,0
DA:134,0
DA:135,0
DA:140,0
DA:141,0
DA:142,0
DA:143,0
DA:144,0
DA:147,0
DA:148,0
DA:152,0
DA:153,0
DA:156,0
DA:165,0
DA:166,0
DA:169,0
DA:184,0
DA:193,0
DA:194,0
DA:195,0
DA:200,0
DA:201,0
DA:202,0
DA:207,0
DA:208,0
DA:212,0
DA:213,0
DA:216,0
DA:225,0
DA:226,0
DA:229,0
DA:244,0
DA:253,0
DA:254,0
DA:255,0
DA:260,0
DA:261,0
DA:262,0
DA:267,0
DA:268,0
DA:269,0
DA:273,0
DA:274,0
DA:277,0
DA:286,0
DA:287,0
DA:290,0
DA:305,0
DA:314,0
DA:315,0
DA:316,0
DA:321,0
DA:322,0
DA:323,0
DA:328,0
DA:329,0
DA:333,0
DA:334,0
DA:337,0
DA:346,0
DA:347,0
DA:350,0
DA:362,0
DA:370,0
DA:371,0
DA:372,0
DA:377,0
DA:378,0
DA:379,0
DA:384,0
DA:385,0
DA:389,0
DA:390,0
DA:393,0
DA:402,0
DA:403,0
DA:406,0
DA:418,0
DA:426,0
DA:427,0
DA:428,0
DA:433,0
DA:434,0
DA:435,0
DA:440,0
DA:441,0
DA:445,0
DA:446,0
DA:449,0
DA:458,0
DA:459,0
DA:462,0
DA:475,0
DA:484,0
DA:485,0
DA:486,0
DA:491,0
DA:492,0
DA:493,0
DA:498,0
DA:499,0
DA:503,0
DA:504,0
DA:507,0
DA:516,0
DA:517,0
DA:520,0
DA:533,0
DA:541,0
DA:542,0
DA:543,0
DA:548,0
DA:549,0
DA:550,0
DA:555,0
DA:556,0
DA:560,0
DA:561,0
DA:564,0
DA:573,0
DA:574,0
DA:577,0
DA:591,0
DA:599,0
DA:600,0
DA:601,0
DA:606,0
DA:607,0
DA:608,0
DA:613,0
DA:614,0
DA:618,0
DA:619,0
DA:622,0
DA:631,0
DA:632,0
DA:635,0
DA:649,0
DA:658,0
DA:659,0
DA:660,0
DA:665,0
DA:666,0
DA:667,0
DA:672,0
DA:673,0
DA:677,0
DA:678,0
DA:681,0
DA:685,1
LF:174
LH:1
BRDA:38,0,0,0
BRDA:38,0,1,0
BRDA:38,1,0,0
BRDA:38,1,1,0
BRDA:47,2,0,0
BRDA:47,2,1,0
BRDA:55,3,0,0
BRDA:55,3,1,0
BRDA:62,4,0,0
BRDA:62,4,1,0
BRDA:127,5,0,0
BRDA:127,5,1,0
BRDA:134,6,0,0
BRDA:134,6,1,0
BRDA:143,7,0,0
BRDA:143,7,1,0
BRDA:147,8,0,0
BRDA:147,8,1,0
BRDA:152,9,0,0
BRDA:152,9,1,0
BRDA:194,10,0,0
BRDA:194,10,1,0
BRDA:201,11,0,0
BRDA:201,11,1,0
BRDA:207,12,0,0
BRDA:207,12,1,0
BRDA:212,13,0,0
BRDA:212,13,1,0
BRDA:254,14,0,0
BRDA:254,14,1,0
BRDA:261,15,0,0
BRDA:261,15,1,0
BRDA:268,16,0,0
BRDA:268,16,1,0
BRDA:268,17,0,0
BRDA:268,17,1,0
BRDA:273,18,0,0
BRDA:273,18,1,0
BRDA:315,19,0,0
BRDA:315,19,1,0
BRDA:322,20,0,0
BRDA:322,20,1,0
BRDA:328,21,0,0
BRDA:328,21,1,0
BRDA:333,22,0,0
BRDA:333,22,1,0
BRDA:371,23,0,0
BRDA:371,23,1,0
BRDA:378,24,0,0
BRDA:378,24,1,0
BRDA:384,25,0,0
BRDA:384,25,1,0
BRDA:389,26,0,0
BRDA:389,26,1,0
BRDA:427,27,0,0
BRDA:427,27,1,0
BRDA:434,28,0,0
BRDA:434,28,1,0
BRDA:440,29,0,0
BRDA:440,29,1,0
BRDA:440,30,0,0
BRDA:440,30,1,0
BRDA:445,31,0,0
BRDA:445,31,1,0
BRDA:485,32,0,0
BRDA:485,32,1,0
BRDA:492,33,0,0
BRDA:492,33,1,0
BRDA:498,34,0,0
BRDA:498,34,1,0
BRDA:503,35,0,0
BRDA:503,35,1,0
BRDA:542,36,0,0
BRDA:542,36,1,0
BRDA:549,37,0,0
BRDA:549,37,1,0
BRDA:555,38,0,0
BRDA:555,38,1,0
BRDA:560,39,0,0
BRDA:560,39,1,0
BRDA:600,40,0,0
BRDA:600,40,1,0
BRDA:607,41,0,0
BRDA:607,41,1,0
BRDA:613,42,0,0
BRDA:613,42,1,0
BRDA:618,43,0,0
BRDA:618,43,1,0
BRDA:659,44,0,0
BRDA:659,44,1,0
BRDA:666,45,0,0
BRDA:666,45,1,0
BRDA:672,46,0,0
BRDA:672,46,1,0
BRDA:677,47,0,0
BRDA:677,47,1,0
BRF:96
BRH:0
end_of_record
TN:
SF:src/parser-factory.js
FN:35,(anonymous_0)
FN:135,(anonymous_1)
FN:168,(anonymous_2)
FN:188,(anonymous_3)
FN:217,(anonymous_4)
FN:283,(anonymous_5)
FN:318,(anonymous_6)
FN:324,(anonymous_7)
FN:336,(anonymous_8)
FN:341,(anonymous_9)
FN:389,(anonymous_10)
FN:414,(anonymous_11)
FN:419,(anonymous_12)
FN:430,(anonymous_13)
FN:431,(anonymous_14)
FNF:15
FNH:0
FNDA:0,(anonymous_0)
FNDA:0,(anonymous_1)
FNDA:0,(anonymous_2)
FNDA:0,(anonymous_3)
FNDA:0,(anonymous_4)
FNDA:0,(anonymous_5)
FNDA:0,(anonymous_6)
FNDA:0,(anonymous_7)
FNDA:0,(anonymous_8)
FNDA:0,(anonymous_9)
FNDA:0,(anonymous_10)
FNDA:0,(anonymous_11)
FNDA:0,(anonymous_12)
FNDA:0,(anonymous_13)
FNDA:0,(anonymous_14)
DA:14,1
DA:15,1
DA:16,1
DA:17,1
DA:18,1
DA:19,1
DA:20,1
DA:21,1
DA:22,1
DA:23,1
DA:24,1
DA:25,1
DA:26,1
DA:36,0
DA:38,0
DA:40,0
DA:41,0
DA:42,0
DA:44,0
DA:45,0
DA:46,0
DA:50,0
DA:51,0
DA:52,0
DA:54,0
DA:55,0
DA:59,0
DA:60,0
DA:61,0
DA:62,0
DA:64,0
DA:67,0
DA:70,0
DA:71,0
DA:80,0
DA:91,0
DA:92,0
DA:93,0
DA:96,0
DA:99,0
DA:101,0
DA:104,0
DA:105,0
DA:106,0
DA:107,0
DA:109,0
DA:110,0
DA:113,0
DA:120,0
DA:123,0
DA:126,0
DA:136,0
DA:138,0
DA:140,0
DA:142,0
DA:144,0
DA:146,0
DA:148,0
DA:150,0
DA:152,0
DA:154,0
DA:156,0
DA:159,0
DA:160,0
DA:169,0
DA:189,0
DA:190,0
DA:192,0
DA:193,0
DA:194,0
DA:195,0
DA:196,0
DA:203,0
DA:210,0
DA:218,0
DA:223,0
DA:225,0
DA:226,0
DA:227,0
DA:232,0
DA:236,0
DA:239,0
DA:241,0
DA:242,0
DA:247,0
DA:251,0
DA:255,0
DA:256,0
DA:258,0
DA:259,0
DA:260,0
DA:261,0
DA:267,0
DA:271,0
DA:275,0
DA:284,0
DA:285,0
DA:299,0
DA:312,0
DA:313,0
DA:314,0
DA:317,0
DA:318,0
DA:319,0
DA:321,0
DA:324,0
DA:328,0
DA:337,0
DA:338,0
DA:341,0
DA:342,0
DA:343,0
DA:345,0
DA:375,0
DA:376,0
DA:377,0
DA:380,0
DA:381,0
DA:382,0
DA:385,0
DA:386,0
DA:389,0
DA:390,0
DA:391,0
DA:398,0
DA:399,0
DA:400,0
DA:401,0
DA:403,0
DA:404,0
DA:409,0
DA:410,0
DA:411,0
DA:414,0
DA:415,0
DA:419,0
DA:420,0
DA:425,0
DA:426,0
DA:430,0
DA:431,0
DA:433,0
DA:437,1
LF:143
LH:14
BRDA:35,0,0,0
BRDA:44,1,0,0
BRDA:44,1,1,0
BRDA:54,2,0,0
BRDA:54,2,1,0
BRDA:91,3,0,0
BRDA:91,3,1,0
BRDA:109,4,0,0
BRDA:109,4,1,0
BRDA:136,5,0,0
BRDA:136,5,1,0
BRDA:136,5,2,0
BRDA:136,5,3,0
BRDA:136,5,4,0
BRDA:136,5,5,0
BRDA:136,5,6,0
BRDA:136,5,7,0
BRDA:136,5,8,0
BRDA:136,5,9,0
BRDA:136,5,10,0
BRDA:284,6,0,0
BRDA:284,6,1,0
BRDA:301,7,0,0
BRDA:301,7,1,0
BRDA:302,8,0,0
BRDA:302,8,1,0
BRDA:303,9,0,0
BRDA:303,9,1,0
BRDA:303,9,2,0
BRDA:304,10,0,0
BRDA:304,10,1,0
BRDA:305,11,0,0
BRDA:305,11,1,0
BRDA:306,12,0,0
BRDA:306,12,1,0
BRDA:307,13,0,0
BRDA:307,13,1,0
BRDA:317,14,0,0
BRDA:317,14,1,0
BRDA:319,15,0,0
BRDA:319,15,1,0
BRDA:319,15,2,0
BRDA:319,15,3,0
BRDA:324,16,0,0
BRDA:324,16,1,0
BRDA:337,17,0,0
BRDA:337,17,1,0
BRDA:337,18,0,0
BRDA:337,18,1,0
BRDA:341,19,0,0
BRDA:341,19,1,0
BRDA:376,20,0,0
BRDA:376,20,1,0
BRDA:385,21,0,0
BRDA:385,21,1,0
BRDA:390,22,0,0
BRDA:390,22,1,0
BRDA:398,23,0,0
BRDA:398,23,1,0
BRDA:400,24,0,0
BRDA:400,24,1,0
BRDA:409,25,0,0
BRDA:409,25,1,0
BRDA:425,26,0,0
BRDA:425,26,1,0
BRDA:430,27,0,0
BRDA:430,27,1,0
BRDA:431,28,0,0
BRDA:431,28,1,0
BRF:69
BRH:0
end_of_record
TN:
SF:src/preprocessor.js
FN:20,(anonymous_0)
FN:41,(anonymous_1)
FN:111,(anonymous_2)
FN:129,(anonymous_3)
FN:143,(anonymous_4)
FN:166,(anonymous_5)
FNF:6
FNH:0
FNDA:0,(anonymous_0)
FNDA:0,(anonymous_1)
FNDA:0,(anonymous_2)
FNDA:0,(anonymous_3)
FNDA:0,(anonymous_4)
FNDA:0,(anonymous_5)
DA:21,0
DA:22,0
DA:25,0
DA:28,0
DA:29,0
DA:30,0
DA:31,0
DA:33,0
DA:42,0
DA:98,0
DA:99,0
DA:100,0
DA:103,0
DA:115,0
DA:118,0
DA:121,0
DA:125,0
DA:128,0
DA:129,0
DA:133,0
DA:135,0
DA:149,0
DA:152,0
DA:158,0
DA:167,0
DA:171,0
DA:172,0
DA:173,0
DA:176,0
DA:179,0
DA:181,0
DA:185,1
LF:32
LH:1
BRDA:21,0,0,0
BRDA:21,0,1,0
BRDA:21,1,0,0
BRDA:21,1,1,0
BRF:4
BRH:0
end_of_record
TN:
SF:src/cli/cli.js
FN:11,(anonymous_0)
FN:16,(anonymous_1)
FN:25,(anonymous_2)
FN:38,(anonymous_3)
FN:48,(anonymous_4)
FN:151,(anonymous_5)
FN:160,(anonymous_6)
FN:169,(anonymous_7)
FN:170,(anonymous_8)
FN:274,(anonymous_9)
FN:284,(anonymous_10)
FN:285,(anonymous_11)
FN:286,(anonymous_12)
FN:290,(anonymous_13)
FN:298,(anonymous_14)
FN:306,(anonymous_15)
FN:377,(anonymous_16)
FN:387,(anonymous_17)
FN:401,(anonymous_18)
FN:402,(anonymous_19)
FN:456,(anonymous_20)
FN:460,(anonymous_21)
FN:483,(anonymous_22)
FNF:23
FNH:0
FNDA:0,(anonymous_0)
FNDA:0,(anonymous_1)
FNDA:0,(anonymous_2)
FNDA:0,(anonymous_3)
FNDA:0,(anonymous_4)
FNDA:0,(anonymous_5)
FNDA:0,(anonymous_6)
FNDA:0,(anonymous_7)
FNDA:0,(anonymous_8)
FNDA:0,(anonymous_9)
FNDA:0,(anonymous_10)
FNDA:0,(anonymous_11)
FNDA:0,(anonymous_12)
FNDA:0,(anonymous_13)
FNDA:0,(anonymous_14)
FNDA:0,(anonymous_15)
FNDA:0,(anonymous_16)
FNDA:0,(anonymous_17)
FNDA:0,(anonymous_18)
FNDA:0,(anonymous_19)
FNDA:0,(anonymous_20)
FNDA:0,(anonymous_21)
FNDA:0,(anonymous_22)
DA:1,0
DA:2,0
DA:3,0
DA:4,0
DA:5,0
DA:6,0
DA:7,0
DA:8,0
DA:12,0
DA:13,0
DA:17,0
DA:19,0
DA:25,0
DA:26,0
DA:27,0
DA:30,0
DA:31,0
DA:32,0
DA:33,0
DA:35,0
DA:39,0
DA:49,0
DA:50,0
DA:52,0
DA:53,0
DA:54,0
DA:57,0
DA:58,0
DA:59,0
DA:60,0
DA:61,0
DA:62,0
DA:65,0
DA:66,0
DA:69,0
DA:70,0
DA:71,0
DA:73,0
DA:74,0
DA:75,0
DA:78,0
DA:79,0
DA:80,0
DA:81,0
DA:82,0
DA:83,0
DA:85,0
DA:86,0
DA:87,0
DA:88,0
DA:89,0
DA:90,0
DA:91,0
DA:92,0
DA:93,0
DA:95,0
DA:96,0
DA:97,0
DA:103,0
DA:106,0
DA:107,0
DA:108,0
DA:109,0
DA:115,0
DA:116,0
DA:117,0
DA:119,0
DA:120,0
DA:124,0
DA:125,0
DA:126,0
DA:128,0
DA:129,0
DA:130,0
DA:131,0
DA:134,0
DA:135,0
DA:139,0
DA:141,0
DA:145,0
DA:146,0
DA:152,0
DA:161,0
DA:162,0
DA:163,0
DA:164,0
DA:167,0
DA:168,0
DA:169,0
DA:170,0
DA:172,0
DA:173,0
DA:174,0
DA:177,0
DA:180,0
DA:181,0
DA:185,0
DA:186,0
DA:187,0
DA:188,0
DA:189,0
DA:191,0
DA:192,0
DA:193,0
DA:194,0
DA:196,0
DA:197,0
DA:199,0
DA:200,0
DA:206,0
DA:208,0
DA:209,0
DA:213,0
DA:214,0
DA:215,0
DA:216,0
DA:217,0
DA:218,0
DA:219,0
DA:222,0
DA:223,0
DA:225,0
DA:228,0
DA:229,0
DA:233,0
DA:235,0
DA:240,0
DA:241,0
DA:244,0
DA:245,0
DA:246,0
DA:254,0
DA:256,0
DA:259,0
DA:262,0
DA:263,0
DA:264,0
DA:265,0
DA:266,0
DA:268,0
DA:269,0
DA:272,0
DA:273,0
DA:274,0
DA:275,0
DA:276,0
DA:277,0
DA:282,0
DA:283,0
DA:284,0
DA:285,0
DA:286,0
DA:288,0
DA:289,0
DA:290,0
DA:291,0
DA:292,0
DA:296,0
DA:297,0
DA:298,0
DA:299,0
DA:300,0
DA:304,0
DA:305,0
DA:306,0
DA:307,0
DA:312,0
DA:313,0
DA:314,0
DA:315,0
DA:316,0
DA:317,0
DA:321,0
DA:325,0
DA:326,0
DA:327,0
DA:328,0
DA:333,0
DA:334,0
DA:335,0
DA:337,0
DA:338,0
DA:342,0
DA:343,0
DA:344,0
DA:346,0
DA:347,0
DA:348,0
DA:349,0
DA:352,0
DA:353,0
DA:357,0
DA:358,0
DA:359,0
DA:360,0
DA:364,0
DA:365,0
DA:366,0
DA:369,0
DA:371,0
DA:372,0
DA:378,0
DA:388,0
DA:389,0
DA:392,0
DA:393,0
DA:394,0
DA:396,0
DA:397,0
DA:398,0
DA:400,0
DA:401,0
DA:402,0
DA:404,0
DA:405,0
DA:406,0
DA:407,0
DA:412,0
DA:413,0
DA:414,0
DA:418,0
DA:425,0
DA:429,0
DA:431,0
DA:432,0
DA:434,0
DA:435,0
DA:438,0
DA:439,0
DA:442,0
DA:443,0
DA:444,0
DA:446,0
DA:450,0
DA:451,0
DA:457,0
DA:461,0
DA:462,0
DA:465,0
DA:466,0
DA:469,0
DA:472,0
DA:473,0
DA:475,0
DA:477,0
DA:478,0
DA:484,0
DA:485,0
DA:489,0
LF:249
LH:0
BRDA:52,0,0,0
BRDA:52,0,1,0
BRDA:57,1,0,0
BRDA:57,1,1,0
BRDA:62,2,0,0
BRDA:62,2,1,0
BRDA:65,3,0,0
BRDA:65,3,1,0
BRDA:69,4,0,0
BRDA:69,4,1,0
BRDA:73,5,0,0
BRDA:73,5,1,0
BRDA:78,6,0,0
BRDA:78,6,1,0
BRDA:87,7,0,0
BRDA:87,7,1,0
BRDA:88,8,0,0
BRDA:88,8,1,0
BRDA:89,9,0,0
BRDA:89,9,1,0
BRDA:90,10,0,0
BRDA:90,10,1,0
BRDA:91,11,0,0
BRDA:91,11,1,0
BRDA:92,12,0,0
BRDA:92,12,1,0
BRDA:93,13,0,0
BRDA:93,13,1,0
BRDA:95,14,0,0
BRDA:95,14,1,0
BRDA:95,15,0,0
BRDA:95,15,1,0
BRDA:107,16,0,0
BRDA:107,16,1,0
BRDA:115,17,0,0
BRDA:115,17,1,0
BRDA:124,18,0,0
BRDA:124,18,1,0
BRDA:126,19,0,0
BRDA:126,19,1,0
BRDA:134,20,0,0
BRDA:134,20,1,0
BRDA:162,21,0,0
BRDA:162,21,1,0
BRDA:172,22,0,0
BRDA:172,22,1,0
BRDA:180,23,0,0
BRDA:180,23,1,0
BRDA:197,24,0,0
BRDA:197,24,1,0
BRDA:199,25,0,0
BRDA:199,25,1,0
BRDA:213,26,0,0
BRDA:213,26,1,0
BRDA:213,27,0,0
BRDA:213,27,1,0
BRDA:213,27,2,0
BRDA:215,28,0,0
BRDA:215,28,1,0
BRDA:217,29,0,0
BRDA:217,29,1,0
BRDA:222,30,0,0
BRDA:222,30,1,0
BRDA:268,31,0,0
BRDA:268,31,1,0
BRDA:272,32,0,0
BRDA:272,32,1,0
BRDA:276,33,0,0
BRDA:276,33,1,0
BRDA:276,34,0,0
BRDA:276,34,1,0
BRDA:282,35,0,0
BRDA:282,35,1,0
BRDA:288,36,0,0
BRDA:288,36,1,0
BRDA:296,37,0,0
BRDA:296,37,1,0
BRDA:304,38,0,0
BRDA:304,38,1,0
BRDA:312,39,0,0
BRDA:312,39,1,0
BRDA:316,40,0,0
BRDA:316,40,1,0
BRDA:316,41,0,0
BRDA:316,41,1,0
BRDA:317,42,0,0
BRDA:317,42,1,0
BRDA:317,43,0,0
BRDA:317,43,1,0
BRDA:321,44,0,0
BRDA:321,44,1,0
BRDA:326,45,0,0
BRDA:326,45,1,0
BRDA:333,46,0,0
BRDA:333,46,1,0
BRDA:342,47,0,0
BRDA:342,47,1,0
BRDA:344,48,0,0
BRDA:344,48,1,0
BRDA:344,49,0,0
BRDA:344,49,1,0
BRDA:352,50,0,0
BRDA:352,50,1,0
BRDA:358,51,0,0
BRDA:358,51,1,0
BRDA:364,52,0,0
BRDA:364,52,1,0
BRDA:366,53,0,0
BRDA:366,53,1,0
BRDA:392,54,0,0
BRDA:392,54,1,0
BRDA:394,55,0,0
BRDA:394,55,1,0
BRDA:394,56,0,0
BRDA:394,56,1,0
BRDA:397,57,0,0
BRDA:397,57,1,0
BRDA:397,58,0,0
BRDA:397,58,1,0
BRDA:398,59,0,0
BRDA:398,59,1,0
BRDA:407,60,0,0
BRDA:407,60,1,0
BRDA:412,61,0,0
BRDA:412,61,1,0
BRDA:429,62,0,0
BRDA:429,62,1,0
BRDA:429,62,2,0
BRDA:429,62,3,0
BRDA:442,63,0,0
BRDA:442,63,1,0
BRDA:466,64,0,0
BRDA:466,64,1,0
BRDA:469,65,0,0
BRDA:469,65,1,0
BRDA:473,66,0,0
BRDA:473,66,1,0
BRF:137
BRH:0
end_of_record
TN:
SF:src/cli/text-report-generator.js
FN:1,generateTextReport
FN:30,(anonymous_1)
FN:40,(anonymous_2)
FN:50,(anonymous_3)
FNF:4
FNH:0
FNDA:0,generateTextReport
FNDA:0,(anonymous_1)
FNDA:0,(anonymous_2)
FNDA:0,(anonymous_3)
DA:2,0
DA:3,0
DA:5,0
DA:6,0
DA:7,0
DA:8,0
DA:11,0
DA:12,0
DA:13,0
DA:14,0
DA:15,0
DA:17,0
DA:18,0
DA:21,0
DA:22,0
DA:24,0
DA:27,0
DA:28,0
DA:29,0
DA:30,0
DA:31,0
DA:33,0
DA:37,0
DA:38,0
DA:39,0
DA:40,0
DA:41,0
DA:43,0
DA:47,0
DA:48,0
DA:49,0
DA:50,0
DA:51,0
DA:53,0
DA:57,0
DA:58,0
DA:59,0
DA:60,0
DA:61,0
DA:62,0
DA:63,0
DA:66,0
DA:68,0
DA:71,0
LF:44
LH:0
BRDA:3,0,0,0
BRDA:3,0,1,0
BRDA:17,1,0,0
BRDA:17,1,1,0
BRDA:17,2,0,0
BRDA:17,2,1,0
BRDA:18,3,0,0
BRDA:18,3,1,0
BRDA:18,4,0,0
BRDA:18,4,1,0
BRDA:21,5,0,0
BRDA:21,5,1,0
BRDA:21,6,0,0
BRDA:21,6,1,0
BRDA:27,7,0,0
BRDA:27,7,1,0
BRDA:27,8,0,0
BRDA:27,8,1,0
BRDA:37,9,0,0
BRDA:37,9,1,0
BRDA:37,10,0,0
BRDA:37,10,1,0
BRDA:47,11,0,0
BRDA:47,11,1,0
BRDA:47,12,0,0
BRDA:47,12,1,0
BRDA:57,13,0,0
BRDA:57,13,1,0
BRDA:57,14,0,0
BRDA:57,14,1,0
BRF:30
BRH:0
end_of_record
TN:
SF:src/parser/error-recovery.js
FN:19,(anonymous_0)
FN:93,(anonymous_1)
FN:164,(anonymous_2)
FN:179,(anonymous_3)
FNF:4
FNH:0
FNDA:0,(anonymous_0)
FNDA:0,(anonymous_1)
FNDA:0,(anonymous_2)
FNDA:0,(anonymous_3)
DA:7,1
DA:20,0
DA:23,0
DA:26,0
DA:37,0
DA:40,0
DA:51,0
DA:53,0
DA:64,0
DA:66,0
DA:77,0
DA:94,0
DA:105,0
DA:115,0
DA:116,0
DA:119,0
DA:120,0
DA:121,0
DA:123,0
DA:125,0
DA:126,0
DA:127,0
DA:130,0
DA:131,0
DA:132,0
DA:133,0
DA:141,0
DA:142,0
DA:143,0
DA:149,0
DA:150,0
DA:160,0
DA:161,0
DA:164,0
DA:165,0
DA:168,0
DA:170,0
DA:180,0
DA:182,0
DA:184,0
DA:189,0
DA:194,0
DA:195,0
DA:201,0
DA:204,0
DA:205,0
DA:211,0
DA:216,0
DA:219,0
DA:224,0
DA:229,0
DA:232,0
DA:233,0
DA:239,0
DA:247,0
DA:248,0
DA:249,0
DA:254,0
DA:255,0
DA:262,0
DA:266,1
LF:61
LH:2
BRDA:23,0,0,0
BRDA:23,0,1,0
BRDA:23,1,0,0
BRDA:23,1,1,0
BRDA:23,1,2,0
BRDA:37,2,0,0
BRDA:37,2,1,0
BRDA:37,3,0,0
BRDA:37,3,1,0
BRDA:37,3,2,0
BRDA:51,4,0,0
BRDA:51,4,1,0
BRDA:51,5,0,0
BRDA:51,5,1,0
BRDA:64,6,0,0
BRDA:64,6,1,0
BRDA:64,7,0,0
BRDA:64,7,1,0
BRDA:123,8,0,0
BRDA:123,8,1,0
BRDA:123,9,0,0
BRDA:123,9,1,0
BRDA:123,9,2,0
BRDA:124,10,0,0
BRDA:124,10,1,0
BRDA:130,11,0,0
BRDA:130,11,1,0
BRDA:132,12,0,0
BRDA:132,12,1,0
BRDA:141,13,0,0
BRDA:141,13,1,0
BRDA:149,14,0,0
BRDA:149,14,1,0
BRDA:168,15,0,0
BRDA:168,15,1,0
BRDA:182,16,0,0
BRDA:182,16,1,0
BRDA:182,16,2,0
BRDA:182,16,3,0
BRDA:194,17,0,0
BRDA:194,17,1,0
BRDA:204,18,0,0
BRDA:204,18,1,0
BRDA:232,19,0,0
BRDA:232,19,1,0
BRDA:248,20,0,0
BRDA:248,20,1,0
BRDA:254,21,0,0
BRDA:254,21,1,0
BRF:49
BRH:0
end_of_record
TN:
SF:src/parser/extraction.js
FN:2,(anonymous_0)
FN:42,(anonymous_1)
FN:87,(anonymous_2)
FN:116,(anonymous_3)
FN:292,(anonymous_4)
FN:354,(anonymous_5)
FN:392,(anonymous_6)
FN:431,(anonymous_7)
FN:481,(anonymous_8)
FN:503,(anonymous_9)
FNF:10
FNH:0
FNDA:0,(anonymous_0)
FNDA:0,(anonymous_1)
FNDA:0,(anonymous_2)
FNDA:0,(anonymous_3)
FNDA:0,(anonymous_4)
FNDA:0,(anonymous_5)
FNDA:0,(anonymous_6)
FNDA:0,(anonymous_7)
FNDA:0,(anonymous_8)
FNDA:0,(anonymous_9)
DA:3,0
DA:8,0
DA:20,0
DA:21,0
DA:22,0
DA:23,0
DA:25,0
DA:26,0
DA:28,0
DA:30,0
DA:32,0
DA:34,0
DA:36,0
DA:39,0
DA:43,0
DA:46,0
DA:64,0
DA:65,0
DA:66,0
DA:68,0
DA:69,0
DA:70,0
DA:73,0
DA:74,0
DA:77,0
DA:78,0
DA:80,0
DA:83,0
DA:88,0
DA:91,0
DA:95,0
DA:97,0
DA:98,0
DA:101,0
DA:104,0
DA:106,0
DA:109,0
DA:110,0
DA:111,0
DA:113,0
DA:117,0
DA:119,0
DA:120,0
DA:121,0
DA:123,0
DA:124,0
DA:126,0
DA:127,0
DA:131,0
DA:132,0
DA:133,0
DA:135,0
DA:136,0
DA:137,0
DA:139,0
DA:140,0
DA:141,0
DA:144,0
DA:146,0
DA:150,0
DA:153,0
DA:157,0
DA:160,0
DA:161,0
DA:165,0
DA:175,0
DA:178,0
DA:182,0
DA:183,0
DA:184,0
DA:185,0
DA:186,0
DA:187,0
DA:188,0
DA:192,0
DA:196,0
DA:197,0
DA:198,0
DA:199,0
DA:200,0
DA:201,0
DA:205,0
DA:209,0
DA:210,0
DA:214,0
DA:218,0
DA:219,0
DA:223,0
DA:224,0
DA:228,0
DA:229,0
DA:233,0
DA:237,0
DA:238,0
DA:242,0
DA:245,0
DA:246,0
DA:250,0
DA:254,0
DA:255,0
DA:256,0
DA:260,0
DA:264,0
DA:265,0
DA:269,0
DA:272,0
DA:273,0
DA:277,0
DA:280,0
DA:281,0
DA:285,0
DA:289,0
DA:293,0
DA:295,0
DA:336,0
DA:337,0
DA:338,0
DA:340,0
DA:341,0
DA:342,0
DA:345,0
DA:347,0
DA:348,0
DA:351,0
DA:355,0
DA:357,0
DA:385,0
DA:386,0
DA:387,0
DA:389,0
DA:393,0
DA:396,0
DA:424,0
DA:425,0
DA:426,0
DA:428,0
DA:432,0
DA:435,0
DA:467,0
DA:468,0
DA:469,0
DA:470,0
DA:472,0
DA:474,0
DA:475,0
DA:478,0
DA:482,0
DA:484,0
DA:485,0
DA:486,0
DA:487,0
DA:488,0
DA:489,0
DA:494,0
DA:496,0
DA:499,0
DA:504,0
DA:507,0
DA:513,0
DA:516,0
DA:517,0
DA:519,0
DA:521,0
DA:524,0
DA:526,0
DA:530,0
DA:531,0
DA:533,0
DA:536,0
DA:541,0
DA:542,0
DA:546,1
LF:172
LH:1
BRDA:3,0,0,0
BRDA:3,0,1,0
BRDA:3,1,0,0
BRDA:3,1,1,0
BRDA:22,2,0,0
BRDA:22,2,1,0
BRDA:26,3,0,0
BRDA:26,3,1,0
BRDA:30,4,0,0
BRDA:30,4,1,0
BRDA:30,5,0,0
BRDA:30,5,1,0
BRDA:32,6,0,0
BRDA:32,6,1,0
BRDA:32,7,0,0
BRDA:32,7,1,0
BRDA:34,8,0,0
BRDA:34,8,1,0
BRDA:34,9,0,0
BRDA:34,9,1,0
BRDA:43,10,0,0
BRDA:43,10,1,0
BRDA:43,11,0,0
BRDA:43,11,1,0
BRDA:66,12,0,0
BRDA:66,12,1,0
BRDA:69,13,0,0
BRDA:69,13,1,0
BRDA:69,14,0,0
BRDA:69,14,1,0
BRDA:73,15,0,0
BRDA:73,15,1,0
BRDA:77,16,0,0
BRDA:77,16,1,0
BRDA:88,17,0,0
BRDA:88,17,1,0
BRDA:88,18,0,0
BRDA:88,18,1,0
BRDA:91,19,0,0
BRDA:91,19,1,0
BRDA:91,20,0,0
BRDA:91,20,1,0
BRDA:91,20,2,0
BRDA:91,20,3,0
BRDA:91,20,4,0
BRDA:91,20,5,0
BRDA:91,20,6,0
BRDA:91,20,7,0
BRDA:91,20,8,0
BRDA:91,20,9,0
BRDA:97,21,0,0
BRDA:97,21,1,0
BRDA:97,22,0,0
BRDA:97,22,1,0
BRDA:98,23,0,0
BRDA:98,23,1,0
BRDA:101,24,0,0
BRDA:101,24,1,0
BRDA:101,25,0,0
BRDA:101,25,1,0
BRDA:104,26,0,0
BRDA:104,26,1,0
BRDA:104,27,0,0
BRDA:104,27,1,0
BRDA:104,27,2,0
BRDA:104,27,3,0
BRDA:104,27,4,0
BRDA:113,28,0,0
BRDA:113,28,1,0
BRDA:113,28,2,0
BRDA:117,29,0,0
BRDA:117,29,1,0
BRDA:117,30,0,0
BRDA:117,30,1,0
BRDA:126,31,0,0
BRDA:126,31,1,0
BRDA:126,32,0,0
BRDA:126,32,1,0
BRDA:132,33,0,0
BRDA:132,33,1,0
BRDA:135,34,0,0
BRDA:135,34,1,0
BRDA:139,35,0,0
BRDA:139,35,1,0
BRDA:157,36,0,0
BRDA:157,36,1,0
BRDA:157,37,0,0
BRDA:157,37,1,0
BRDA:157,37,2,0
BRDA:157,37,3,0
BRDA:157,37,4,0
BRDA:157,37,5,0
BRDA:157,37,6,0
BRDA:157,37,7,0
BRDA:165,38,0,0
BRDA:165,38,1,0
BRDA:165,39,0,0
BRDA:165,39,1,0
BRDA:165,39,2,0
BRDA:165,39,3,0
BRDA:165,39,4,0
BRDA:165,39,5,0
BRDA:165,39,6,0
BRDA:165,39,7,0
BRDA:165,39,8,0
BRDA:165,39,9,0
BRDA:165,39,10,0
BRDA:165,39,11,0
BRDA:165,39,12,0
BRDA:165,39,13,0
BRDA:165,39,14,0
BRDA:165,39,15,0
BRDA:165,39,16,0
BRDA:165,39,17,0
BRDA:165,39,18,0
BRDA:165,39,19,0
BRDA:178,40,0,0
BRDA:178,40,1,0
BRDA:178,41,0,0
BRDA:178,41,1,0
BRDA:184,42,0,0
BRDA:184,42,1,0
BRDA:198,43,0,0
BRDA:198,43,1,0
BRDA:209,44,0,0
BRDA:209,44,1,0
BRDA:218,45,0,0
BRDA:218,45,1,0
BRDA:218,46,0,0
BRDA:218,46,1,0
BRDA:218,46,2,0
BRDA:228,47,0,0
BRDA:228,47,1,0
BRDA:237,48,0,0
BRDA:237,48,1,0
BRDA:245,49,0,0
BRDA:245,49,1,0
BRDA:254,50,0,0
BRDA:254,50,1,0
BRDA:254,51,0,0
BRDA:254,51,1,0
BRDA:264,52,0,0
BRDA:264,52,1,0
BRDA:264,53,0,0
BRDA:264,53,1,0
BRDA:272,54,0,0
BRDA:272,54,1,0
BRDA:272,55,0,0
BRDA:272,55,1,0
BRDA:280,56,0,0
BRDA:280,56,1,0
BRDA:280,57,0,0
BRDA:280,57,1,0
BRDA:293,58,0,0
BRDA:293,58,1,0
BRDA:293,59,0,0
BRDA:293,59,1,0
BRDA:338,60,0,0
BRDA:338,60,1,0
BRDA:341,61,0,0
BRDA:341,61,1,0
BRDA:345,62,0,0
BRDA:345,62,1,0
BRDA:347,63,0,0
BRDA:347,63,1,0
BRDA:355,64,0,0
BRDA:355,64,1,0
BRDA:355,65,0,0
BRDA:355,65,1,0
BRDA:387,66,0,0
BRDA:387,66,1,0
BRDA:393,67,0,0
BRDA:393,67,1,0
BRDA:393,68,0,0
BRDA:393,68,1,0
BRDA:426,69,0,0
BRDA:426,69,1,0
BRDA:432,70,0,0
BRDA:432,70,1,0
BRDA:432,71,0,0
BRDA:432,71,1,0
BRDA:469,72,0,0
BRDA:469,72,1,0
BRDA:472,73,0,0
BRDA:472,73,1,0
BRDA:474,74,0,0
BRDA:474,74,1,0
BRDA:482,75,0,0
BRDA:482,75,1,0
BRDA:482,76,0,0
BRDA:482,76,1,0
BRDA:486,77,0,0
BRDA:486,77,1,0
BRDA:488,78,0,0
BRDA:488,78,1,0
BRDA:494,79,0,0
BRDA:494,79,1,0
BRDA:504,80,0,0
BRDA:504,80,1,0
BRDA:504,81,0,0
BRDA:504,81,1,0
BRDA:513,82,0,0
BRDA:513,82,1,0
BRDA:513,83,0,0
BRDA:513,83,1,0
BRDA:519,84,0,0
BRDA:519,84,1,0
BRDA:526,85,0,0
BRDA:526,85,1,0
BRDA:531,86,0,0
BRDA:531,86,1,0
BRDA:531,87,0,0
BRDA:531,87,1,0
BRDA:531,87,2,0
BRDA:542,88,0,0
BRDA:542,88,1,0
BRF:216
BRH:0
end_of_record
TN:
SF:src/parser/parser.js
FN:9,(anonymous_0)
FN:19,(anonymous_1)
FN:20,(anonymous_2)
FN:134,(anonymous_3)
FN:168,(anonymous_4)
FN:234,(anonymous_5)
FN:414,(anonymous_6)
FN:727,(anonymous_7)
FNF:8
FNH:5
FNDA:6,(anonymous_0)
FNDA:10,(anonymous_1)
FNDA:10,(anonymous_2)
FNDA:0,(anonymous_3)
FNDA:10,(anonymous_4)
FNDA:100,(anonymous_5)
FNDA:0,(anonymous_6)
FNDA:0,(anonymous_7)
DA:1,1
DA:2,1
DA:3,1
DA:4,1
DA:5,1
DA:6,1
DA:11,6
DA:14,6
DA:15,6
DA:16,6
DA:20,10
DA:21,10
DA:23,10
DA:24,10
DA:25,10
DA:26,10
DA:27,10
DA:32,0
DA:33,0
DA:37,0
DA:38,0
DA:41,0
DA:42,0
DA:46,0
DA:47,0
DA:48,0
DA:51,0
DA:56,0
DA:57,0
DA:58,0
DA:67,0
DA:70,0
DA:73,0
DA:75,0
DA:76,0
DA:78,0
DA:80,0
DA:81,0
DA:83,0
DA:84,0
DA:85,0
DA:88,0
DA:99,0
DA:100,0
DA:108,0
DA:109,0
DA:112,0
DA:117,0
DA:118,0
DA:119,0
DA:120,0
DA:121,0
DA:122,0
DA:124,0
DA:125,0
DA:128,0
DA:136,0
DA:137,0
DA:139,0
DA:151,0
DA:156,0
DA:157,0
DA:162,0
DA:163,0
DA:165,0
DA:170,10
DA:172,10
DA:173,2
DA:224,8
DA:225,2
DA:234,100
DA:261,6
DA:262,2
DA:307,4
DA:308,2
DA:345,2
DA:346,2
DA:411,0
DA:416,0
DA:419,0
DA:420,0
DA:437,0
DA:438,0
DA:460,0
DA:461,0
DA:480,0
DA:481,0
DA:498,0
DA:499,0
DA:517,0
DA:518,0
DA:536,0
DA:537,0
DA:555,0
DA:556,0
DA:574,0
DA:575,0
DA:593,0
DA:594,0
DA:612,0
DA:613,0
DA:631,0
DA:632,0
DA:650,0
DA:651,0
DA:669,0
DA:670,0
DA:688,0
DA:689,0
DA:709,0
DA:728,0
DA:730,0
DA:731,0
DA:732,0
DA:733,0
DA:734,0
DA:738,0
DA:742,1
LF:118
LH:30
BRDA:19,0,0,0
BRDA:23,1,0,10
BRDA:23,1,1,0
BRDA:23,2,0,10
BRDA:23,2,1,10
BRDA:25,3,0,10
BRDA:25,3,1,0
BRDA:32,4,0,0
BRDA:32,4,1,0
BRDA:37,5,0,0
BRDA:37,5,1,0
BRDA:41,6,0,0
BRDA:41,6,1,0
BRDA:52,7,0,0
BRDA:52,7,1,0
BRDA:56,8,0,0
BRDA:56,8,1,0
BRDA:75,9,0,0
BRDA:75,9,1,0
BRDA:75,10,0,0
BRDA:75,10,1,0
BRDA:83,11,0,0
BRDA:83,11,1,0
BRDA:83,12,0,0
BRDA:83,12,1,0
BRDA:85,13,0,0
BRDA:85,13,1,0
BRDA:117,14,0,0
BRDA:117,14,1,0
BRDA:137,15,0,0
BRDA:137,15,1,0
BRDA:156,16,0,0
BRDA:156,16,1,0
BRDA:172,17,0,2
BRDA:172,17,1,8
BRDA:224,18,0,2
BRDA:224,18,1,6
BRDA:261,19,0,2
BRDA:261,19,1,4
BRDA:307,20,0,2
BRDA:307,20,1,2
BRDA:345,21,0,2
BRDA:345,21,1,0
BRDA:419,22,0,0
BRDA:419,22,1,0
BRDA:437,23,0,0
BRDA:437,23,1,0
BRDA:460,24,0,0
BRDA:460,24,1,0
BRDA:480,25,0,0
BRDA:480,25,1,0
BRDA:498,26,0,0
BRDA:498,26,1,0
BRDA:517,27,0,0
BRDA:517,27,1,0
BRDA:517,28,0,0
BRDA:517,28,1,0
BRDA:536,29,0,0
BRDA:536,29,1,0
BRDA:536,30,0,0
BRDA:536,30,1,0
BRDA:555,31,0,0
BRDA:555,31,1,0
BRDA:555,32,0,0
BRDA:555,32,1,0
BRDA:574,33,0,0
BRDA:574,33,1,0
BRDA:574,34,0,0
BRDA:574,34,1,0
BRDA:593,35,0,0
BRDA:593,35,1,0
BRDA:593,36,0,0
BRDA:593,36,1,0
BRDA:612,37,0,0
BRDA:612,37,1,0
BRDA:612,38,0,0
BRDA:612,38,1,0
BRDA:631,39,0,0
BRDA:631,39,1,0
BRDA:631,40,0,0
BRDA:631,40,1,0
BRDA:650,41,0,0
BRDA:650,41,1,0
BRDA:650,42,0,0
BRDA:650,42,1,0
BRDA:650,42,2,0
BRDA:669,43,0,0
BRDA:669,43,1,0
BRDA:669,44,0,0
BRDA:669,44,1,0
BRDA:669,44,2,0
BRDA:669,44,3,0
BRDA:688,45,0,0
BRDA:688,45,1,0
BRDA:688,46,0,0
BRDA:688,46,1,0
BRDA:688,46,2,0
BRDA:733,47,0,0
BRDA:733,47,1,0
BRF:99
BRH:13
end_of_record
TN:
SF:src/parser/validation.js
FN:4,(anonymous_0)
FN:10,(anonymous_1)
FN:30,(anonymous_2)
FN:50,(anonymous_3)
FN:59,(anonymous_4)
FN:111,(anonymous_5)
FN:156,(anonymous_6)
FN:182,(anonymous_7)
FN:249,(anonymous_8)
FN:251,(anonymous_9)
FN:335,(anonymous_10)
FN:387,(anonymous_11)
FN:409,(anonymous_12)
FN:452,(anonymous_13)
FN:461,(anonymous_14)
FN:479,(anonymous_15)
FNF:16
FNH:1
FNDA:6,(anonymous_0)
FNDA:0,(anonymous_1)
FNDA:0,(anonymous_2)
FNDA:0,(anonymous_3)
FNDA:0,(anonymous_4)
FNDA:0,(anonymous_5)
FNDA:0,(anonymous_6)
FNDA:0,(anonymous_7)
FNDA:0,(anonymous_8)
FNDA:0,(anonymous_9)
FNDA:0,(anonymous_10)
FNDA:0,(anonymous_11)
FNDA:0,(anonymous_12)
FNDA:0,(anonymous_13)
FNDA:0,(anonymous_14)
FNDA:0,(anonymous_15)
DA:1,1
DA:5,6
DA:6,6
DA:11,0
DA:12,0
DA:17,0
DA:18,0
DA:19,0
DA:22,0
DA:24,0
DA:25,0
DA:31,0
DA:32,0
DA:37,0
DA:38,0
DA:39,0
DA:42,0
DA:44,0
DA:45,0
DA:51,0
DA:55,0
DA:60,0
DA:61,0
DA:75,0
DA:83,0
DA:84,0
DA:86,0
DA:87,0
DA:91,0
DA:94,0
DA:97,0
DA:100,0
DA:103,0
DA:104,0
DA:105,0
DA:107,0
DA:112,0
DA:114,0
DA:115,0
DA:116,0
DA:117,0
DA:119,0
DA:122,0
DA:123,0
DA:128,0
DA:131,0
DA:134,0
DA:135,0
DA:137,0
DA:139,0
DA:140,0
DA:141,0
DA:142,0
DA:144,0
DA:150,0
DA:155,0
DA:156,0
DA:157,0
DA:158,0
DA:161,0
DA:162,0
DA:168,0
DA:172,0
DA:183,0
DA:184,0
DA:190,0
DA:191,0
DA:194,0
DA:196,0
DA:199,0
DA:200,0
DA:206,0
DA:207,0
DA:211,0
DA:212,0
DA:215,0
DA:216,0
DA:217,0
DA:218,0
DA:219,0
DA:220,0
DA:226,0
DA:227,0
DA:228,0
DA:234,0
DA:239,0
DA:250,0
DA:251,0
DA:253,0
DA:256,0
DA:257,0
DA:258,0
DA:259,0
DA:260,0
DA:261,0
DA:266,0
DA:267,0
DA:268,0
DA:269,0
DA:274,0
DA:276,0
DA:277,0
DA:279,0
DA:280,0
DA:281,0
DA:282,0
DA:283,0
DA:284,0
DA:289,0
DA:290,0
DA:291,0
DA:292,0
DA:297,0
DA:298,0
DA:304,0
DA:305,0
DA:307,0
DA:313,0
DA:318,0
DA:319,0
DA:320,0
DA:321,0
DA:322,0
DA:328,0
DA:337,0
DA:338,0
DA:339,0
DA:340,0
DA:346,0
DA:351,0
DA:353,0
DA:354,0
DA:355,0
DA:361,0
DA:366,0
DA:367,0
DA:368,0
DA:369,0
DA:375,0
DA:376,0
DA:388,0
DA:389,0
DA:390,0
DA:393,0
DA:394,0
DA:396,0
DA:397,0
DA:398,0
DA:400,0
DA:401,0
DA:402,0
DA:405,0
DA:410,0
DA:413,0
DA:419,0
DA:422,0
DA:423,0
DA:425,0
DA:427,0
DA:430,0
DA:432,0
DA:436,0
DA:437,0
DA:439,0
DA:442,0
DA:447,0
DA:448,0
DA:453,0
DA:456,0
DA:457,0
DA:462,0
DA:465,0
DA:479,0
DA:483,1
LF:174
LH:4
BRDA:17,0,0,0
BRDA:17,0,1,0
BRDA:37,1,0,0
BRDA:37,1,1,0
BRDA:51,2,0,0
BRDA:51,2,1,0
BRDA:60,3,0,0
BRDA:60,3,1,0
BRDA:83,4,0,0
BRDA:83,4,1,0
BRDA:86,5,0,0
BRDA:86,5,1,0
BRDA:104,6,0,0
BRDA:104,6,1,0
BRDA:119,7,0,0
BRDA:119,7,1,0
BRDA:122,8,0,0
BRDA:122,8,1,0
BRDA:123,9,0,0
BRDA:123,9,1,0
BRDA:123,9,2,0
BRDA:123,10,0,0
BRDA:123,10,1,0
BRDA:124,11,0,0
BRDA:124,11,1,0
BRDA:125,12,0,0
BRDA:125,12,1,0
BRDA:128,13,0,0
BRDA:128,13,1,0
BRDA:131,14,0,0
BRDA:131,14,1,0
BRDA:131,15,0,0
BRDA:131,15,1,0
BRDA:131,16,0,0
BRDA:131,16,1,0
BRDA:135,17,0,0
BRDA:135,17,1,0
BRDA:139,18,0,0
BRDA:139,18,1,0
BRDA:141,19,0,0
BRDA:141,19,1,0
BRDA:142,20,0,0
BRDA:142,20,1,0
BRDA:147,21,0,0
BRDA:147,21,1,0
BRDA:147,22,0,0
BRDA:147,22,1,0
BRDA:155,23,0,0
BRDA:155,23,1,0
BRDA:155,24,0,0
BRDA:155,24,1,0
BRDA:158,25,0,0
BRDA:158,25,1,0
BRDA:161,26,0,0
BRDA:161,26,1,0
BRDA:161,27,0,0
BRDA:161,27,1,0
BRDA:183,28,0,0
BRDA:183,28,1,0
BRDA:199,29,0,0
BRDA:199,29,1,0
BRDA:199,30,0,0
BRDA:199,30,1,0
BRDA:215,31,0,0
BRDA:215,31,1,0
BRDA:217,32,0,0
BRDA:217,32,1,0
BRDA:219,33,0,0
BRDA:219,33,1,0
BRDA:227,34,0,0
BRDA:227,34,1,0
BRDA:251,35,0,0
BRDA:251,35,1,0
BRDA:251,36,0,0
BRDA:251,36,1,0
BRDA:258,37,0,0
BRDA:258,37,1,0
BRDA:260,38,0,0
BRDA:260,38,1,0
BRDA:268,39,0,0
BRDA:268,39,1,0
BRDA:274,40,0,0
BRDA:274,40,1,0
BRDA:281,41,0,0
BRDA:281,41,1,0
BRDA:283,42,0,0
BRDA:283,42,1,0
BRDA:291,43,0,0
BRDA:291,43,1,0
BRDA:297,44,0,0
BRDA:297,44,1,0
BRDA:305,45,0,0
BRDA:305,45,1,0
BRDA:305,46,0,0
BRDA:305,46,1,0
BRDA:320,47,0,0
BRDA:320,47,1,0
BRDA:320,48,0,0
BRDA:320,48,1,0
BRDA:321,49,0,0
BRDA:321,49,1,0
BRDA:339,50,0,0
BRDA:339,50,1,0
BRDA:351,51,0,0
BRDA:351,51,1,0
BRDA:351,52,0,0
BRDA:351,52,1,0
BRDA:353,53,0,0
BRDA:353,53,1,0
BRDA:354,54,0,0
BRDA:354,54,1,0
BRDA:367,55,0,0
BRDA:367,55,1,0
BRDA:368,56,0,0
BRDA:368,56,1,0
BRDA:375,57,0,0
BRDA:375,57,1,0
BRDA:389,58,0,0
BRDA:389,58,1,0
BRDA:397,59,0,0
BRDA:397,59,1,0
BRDA:398,60,0,0
BRDA:398,60,1,0
BRDA:400,61,0,0
BRDA:400,61,1,0
BRDA:401,62,0,0
BRDA:401,62,1,0
BRDA:402,63,0,0
BRDA:402,63,1,0
BRDA:405,64,0,0
BRDA:405,64,1,0
BRDA:410,65,0,0
BRDA:410,65,1,0
BRDA:410,66,0,0
BRDA:410,66,1,0
BRDA:419,67,0,0
BRDA:419,67,1,0
BRDA:419,68,0,0
BRDA:419,68,1,0
BRDA:425,69,0,0
BRDA:425,69,1,0
BRDA:432,70,0,0
BRDA:432,70,1,0
BRDA:437,71,0,0
BRDA:437,71,1,0
BRDA:437,72,0,0
BRDA:437,72,1,0
BRDA:437,72,2,0
BRDA:448,73,0,0
BRDA:448,73,1,0
BRDA:453,74,0,0
BRDA:453,74,1,0
BRDA:453,75,0,0
BRDA:453,75,1,0
BRDA:457,76,0,0
BRDA:457,76,1,0
BRDA:462,77,0,0
BRDA:462,77,1,0
BRDA:462,78,0,0
BRDA:462,78,1,0
BRF:160
BRH:0
end_of_record
TN:
SF:src/parsers/australian-parser.js
FN:11,(anonymous_0)
FN:20,(anonymous_1)
FN:57,(anonymous_2)
FN:90,(anonymous_3)
FN:125,(anonymous_4)
FN:171,(anonymous_5)
FN:195,(anonymous_6)
FN:220,(anonymous_7)
FN:245,(anonymous_8)
FN:271,(anonymous_9)
FN:278,(anonymous_10)
FN:286,(anonymous_11)
FNF:12
FNH:0
FNDA:0,(anonymous_0)
FNDA:0,(anonymous_1)
FNDA:0,(anonymous_2)
FNDA:0,(anonymous_3)
FNDA:0,(anonymous_4)
FNDA:0,(anonymous_5)
FNDA:0,(anonymous_6)
FNDA:0,(anonymous_7)
FNDA:0,(anonymous_8)
FNDA:0,(anonymous_9)
FNDA:0,(anonymous_10)
FNDA:0,(anonymous_11)
DA:8,1
DA:12,0
DA:21,0
DA:22,0
DA:24,0
DA:36,0
DA:41,0
DA:42,0
DA:46,0
DA:47,0
DA:49,0
DA:58,0
DA:61,0
DA:68,0
DA:69,0
DA:70,0
DA:71,0
DA:73,0
DA:74,0
DA:78,0
DA:82,0
DA:91,0
DA:94,0
DA:106,0
DA:107,0
DA:108,0
DA:109,0
DA:110,0
DA:111,0
DA:117,0
DA:126,0
DA:128,0
DA:129,0
DA:132,0
DA:138,0
DA:139,0
DA:140,0
DA:142,0
DA:143,0
DA:144,0
DA:145,0
DA:146,0
DA:149,0
DA:152,0
DA:154,0
DA:158,0
DA:163,0
DA:172,0
DA:175,0
DA:180,0
DA:181,0
DA:182,0
DA:183,0
DA:187,0
DA:196,0
DA:199,0
DA:205,0
DA:206,0
DA:207,0
DA:208,0
DA:212,0
DA:221,0
DA:224,0
DA:230,0
DA:231,0
DA:232,0
DA:233,0
DA:237,0
DA:246,0
DA:249,0
DA:256,0
DA:257,0
DA:258,0
DA:259,0
DA:263,0
DA:272,0
DA:277,0
DA:278,0
DA:287,0
DA:289,0
DA:290,0
DA:291,0
DA:293,0
DA:294,0
DA:295,0
DA:296,0
DA:297,0
DA:298,0
DA:304,0
DA:305,0
DA:308,0
DA:312,1
LF:92
LH:2
BRDA:22,0,0,0
BRDA:22,0,1,0
BRDA:41,1,0,0
BRDA:41,1,1,0
BRDA:58,2,0,0
BRDA:58,2,1,0
BRDA:58,3,0,0
BRDA:58,3,1,0
BRDA:70,4,0,0
BRDA:70,4,1,0
BRDA:74,5,0,0
BRDA:74,5,1,0
BRDA:74,6,0,0
BRDA:74,6,1,0
BRDA:74,6,2,0
BRDA:74,6,3,0
BRDA:74,6,4,0
BRDA:74,6,5,0
BRDA:74,6,6,0
BRDA:91,7,0,0
BRDA:91,7,1,0
BRDA:91,8,0,0
BRDA:91,8,1,0
BRDA:108,9,0,0
BRDA:108,9,1,0
BRDA:110,10,0,0
BRDA:110,10,1,0
BRDA:126,11,0,0
BRDA:126,11,1,0
BRDA:126,12,0,0
BRDA:126,12,1,0
BRDA:140,13,0,0
BRDA:140,13,1,0
BRDA:144,14,0,0
BRDA:144,14,1,0
BRDA:145,15,0,0
BRDA:145,15,1,0
BRDA:152,16,0,0
BRDA:152,16,1,0
BRDA:172,17,0,0
BRDA:172,17,1,0
BRDA:172,18,0,0
BRDA:172,18,1,0
BRDA:182,19,0,0
BRDA:182,19,1,0
BRDA:196,20,0,0
BRDA:196,20,1,0
BRDA:196,21,0,0
BRDA:196,21,1,0
BRDA:207,22,0,0
BRDA:207,22,1,0
BRDA:221,23,0,0
BRDA:221,23,1,0
BRDA:221,24,0,0
BRDA:221,24,1,0
BRDA:232,25,0,0
BRDA:232,25,1,0
BRDA:246,26,0,0
BRDA:246,26,1,0
BRDA:246,27,0,0
BRDA:246,27,1,0
BRDA:258,28,0,0
BRDA:258,28,1,0
BRDA:287,29,0,0
BRDA:287,29,1,0
BRDA:287,30,0,0
BRDA:287,30,1,0
BRDA:291,31,0,0
BRDA:291,31,1,0
BRDA:294,32,0,0
BRDA:294,32,1,0
BRDA:297,33,0,0
BRDA:297,33,1,0
BRDA:304,34,0,0
BRDA:304,34,1,0
BRF:75
BRH:0
end_of_record
TN:
SF:src/parsers/base-parser.js
FN:17,(anonymous_0)
FN:94,(anonymous_1)
FN:103,(anonymous_2)
FN:113,(anonymous_3)
FN:123,(anonymous_4)
FN:133,(anonymous_5)
FN:143,(anonymous_6)
FN:153,(anonymous_7)
FN:163,(anonymous_8)
FN:173,(anonymous_9)
FN:230,(anonymous_10)
FN:245,(anonymous_11)
FN:309,(anonymous_12)
FN:339,(anonymous_13)
FN:365,(anonymous_14)
FN:402,(anonymous_15)
FN:434,(anonymous_16)
FN:483,(anonymous_17)
FN:519,(anonymous_18)
FN:534,(anonymous_19)
FN:539,(anonymous_20)
FNF:21
FNH:0
FNDA:0,(anonymous_0)
FNDA:0,(anonymous_1)
FNDA:0,(anonymous_2)
FNDA:0,(anonymous_3)
FNDA:0,(anonymous_4)
FNDA:0,(anonymous_5)
FNDA:0,(anonymous_6)
FNDA:0,(anonymous_7)
FNDA:0,(anonymous_8)
FNDA:0,(anonymous_9)
FNDA:0,(anonymous_10)
FNDA:0,(anonymous_11)
FNDA:0,(anonymous_12)
FNDA:0,(anonymous_13)
FNDA:0,(anonymous_14)
FNDA:0,(anonymous_15)
FNDA:0,(anonymous_16)
FNDA:0,(anonymous_17)
FNDA:0,(anonymous_18)
FNDA:0,(anonymous_19)
FNDA:0,(anonymous_20)
DA:14,1
DA:18,0
DA:19,0
DA:22,0
DA:95,0
DA:105,0
DA:115,0
DA:125,0
DA:135,0
DA:145,0
DA:155,0
DA:165,0
DA:174,0
DA:183,0
DA:184,0
DA:187,0
DA:188,0
DA:189,0
DA:190,0
DA:196,0
DA:199,0
DA:205,0
DA:209,0
DA:210,0
DA:216,0
DA:220,0
DA:221,0
DA:227,0
DA:230,0
DA:231,0
DA:232,0
DA:238,0
DA:244,0
DA:245,0
DA:246,0
DA:247,0
DA:248,0
DA:249,0
DA:255,0
DA:257,0
DA:259,0
DA:265,0
DA:270,0
DA:271,0
DA:272,0
DA:274,0
DA:276,0
DA:277,0
DA:283,0
DA:289,0
DA:290,0
DA:291,0
DA:293,0
DA:294,0
DA:295,0
DA:296,0
DA:298,0
DA:301,0
DA:310,0
DA:311,0
DA:315,0
DA:318,0
DA:319,0
DA:321,0
DA:322,0
DA:324,0
DA:325,0
DA:327,0
DA:330,0
DA:331,0
DA:340,0
DA:342,0
DA:343,0
DA:344,0
DA:345,0
DA:346,0
DA:347,0
DA:352,0
DA:354,0
DA:357,0
DA:366,0
DA:369,0
DA:382,0
DA:383,0
DA:384,0
DA:386,0
DA:387,0
DA:388,0
DA:394,0
DA:403,0
DA:406,0
DA:407,0
DA:409,0
DA:410,0
DA:413,0
DA:416,0
DA:418,0
DA:421,0
DA:422,0
DA:423,0
DA:425,0
DA:435,0
DA:436,0
DA:439,0
DA:442,0
DA:453,0
DA:456,0
DA:467,0
DA:484,0
DA:486,0
DA:487,0
DA:493,0
DA:494,0
DA:502,0
DA:503,0
DA:510,0
DA:521,0
DA:533,0
DA:534,0
DA:535,0
DA:539,0
DA:540,0
DA:542,0
DA:543,0
DA:545,0
DA:561,0
DA:565,1
LF:127
LH:2
BRDA:187,0,0,0
BRDA:187,0,1,0
BRDA:189,1,0,0
BRDA:189,1,1,0
BRDA:209,2,0,0
BRDA:209,2,1,0
BRDA:220,3,0,0
BRDA:220,3,1,0
BRDA:220,4,0,0
BRDA:220,4,1,0
BRDA:231,5,0,0
BRDA:231,5,1,0
BRDA:231,6,0,0
BRDA:231,6,1,0
BRDA:246,7,0,0
BRDA:246,7,1,0
BRDA:248,8,0,0
BRDA:248,8,1,0
BRDA:257,9,0,0
BRDA:257,9,1,0
BRDA:270,10,0,0
BRDA:270,10,1,0
BRDA:270,11,0,0
BRDA:270,11,1,0
BRDA:274,12,0,0
BRDA:274,12,1,0
BRDA:274,13,0,0
BRDA:274,13,1,0
BRDA:276,14,0,0
BRDA:276,14,1,0
BRDA:293,15,0,0
BRDA:293,15,1,0
BRDA:295,16,0,0
BRDA:295,16,1,0
BRDA:310,17,0,0
BRDA:310,17,1,0
BRDA:310,18,0,0
BRDA:310,18,1,0
BRDA:319,19,0,0
BRDA:319,19,1,0
BRDA:322,20,0,0
BRDA:322,20,1,0
BRDA:325,21,0,0
BRDA:325,21,1,0
BRDA:331,22,0,0
BRDA:331,22,1,0
BRDA:340,23,0,0
BRDA:340,23,1,0
BRDA:340,24,0,0
BRDA:340,24,1,0
BRDA:344,25,0,0
BRDA:344,25,1,0
BRDA:346,26,0,0
BRDA:346,26,1,0
BRDA:352,27,0,0
BRDA:352,27,1,0
BRDA:366,28,0,0
BRDA:366,28,1,0
BRDA:366,29,0,0
BRDA:366,29,1,0
BRDA:384,30,0,0
BRDA:384,30,1,0
BRDA:387,31,0,0
BRDA:387,31,1,0
BRDA:403,32,0,0
BRDA:403,32,1,0
BRDA:403,33,0,0
BRDA:403,33,1,0
BRDA:406,34,0,0
BRDA:406,34,1,0
BRDA:406,35,0,0
BRDA:406,35,1,0
BRDA:406,35,2,0
BRDA:406,35,3,0
BRDA:409,36,0,0
BRDA:409,36,1,0
BRDA:409,37,0,0
BRDA:409,37,1,0
BRDA:410,38,0,0
BRDA:410,38,1,0
BRDA:410,39,0,0
BRDA:410,39,1,0
BRDA:413,40,0,0
BRDA:413,40,1,0
BRDA:413,41,0,0
BRDA:413,41,1,0
BRDA:416,42,0,0
BRDA:416,42,1,0
BRDA:416,43,0,0
BRDA:416,43,1,0
BRDA:416,43,2,0
BRDA:416,43,3,0
BRDA:416,43,4,0
BRDA:425,44,0,0
BRDA:425,44,1,0
BRDA:425,44,2,0
BRDA:435,45,0,0
BRDA:435,45,1,0
BRDA:439,46,0,0
BRDA:439,46,1,0
BRDA:439,47,0,0
BRDA:439,47,1,0
BRDA:439,47,2,0
BRDA:453,48,0,0
BRDA:453,48,1,0
BRDA:453,49,0,0
BRDA:453,49,1,0
BRDA:453,49,2,0
BRDA:486,50,0,0
BRDA:486,50,1,0
BRDA:493,51,0,0
BRDA:493,51,1,0
BRDA:493,52,0,0
BRDA:493,52,1,0
BRDA:502,53,0,0
BRDA:502,53,1,0
BRDA:535,54,0,0
BRDA:535,54,1,0
BRDA:540,55,0,0
BRDA:540,55,1,0
BRDA:540,55,2,0
BRDA:540,55,3,0
BRDA:540,56,0,0
BRDA:540,56,1,0
BRF:124
BRH:0
end_of_record
TN:
SF:src/parsers/canadian-french-parser.js
FN:11,(anonymous_0)
FN:20,(anonymous_1)
FN:57,(anonymous_2)
FN:91,(anonymous_3)
FN:128,(anonymous_4)
FN:179,(anonymous_5)
FN:208,(anonymous_6)
FN:238,(anonymous_7)
FN:270,(anonymous_8)
FN:301,(anonymous_9)
FN:309,(anonymous_10)
FN:317,(anonymous_11)
FNF:12
FNH:0
FNDA:0,(anonymous_0)
FNDA:0,(anonymous_1)
FNDA:0,(anonymous_2)
FNDA:0,(anonymous_3)
FNDA:0,(anonymous_4)
FNDA:0,(anonymous_5)
FNDA:0,(anonymous_6)
FNDA:0,(anonymous_7)
FNDA:0,(anonymous_8)
FNDA:0,(anonymous_9)
FNDA:0,(anonymous_10)
FNDA:0,(anonymous_11)
DA:8,1
DA:12,0
DA:21,0
DA:22,0
DA:24,0
DA:36,0
DA:41,0
DA:42,0
DA:46,0
DA:47,0
DA:49,0
DA:58,0
DA:61,0
DA:69,0
DA:70,0
DA:71,0
DA:72,0
DA:74,0
DA:75,0
DA:79,0
DA:83,0
DA:92,0
DA:95,0
DA:109,0
DA:110,0
DA:111,0
DA:112,0
DA:113,0
DA:114,0
DA:120,0
DA:129,0
DA:131,0
DA:132,0
DA:135,0
DA:141,0
DA:142,0
DA:143,0
DA:145,0
DA:146,0
DA:147,0
DA:148,0
DA:149,0
DA:152,0
DA:153,0
DA:157,0
DA:160,0
DA:162,0
DA:166,0
DA:171,0
DA:180,0
DA:183,0
DA:189,0
DA:190,0
DA:191,0
DA:192,0
DA:193,0
DA:194,0
DA:196,0
DA:200,0
DA:209,0
DA:212,0
DA:219,0
DA:220,0
DA:221,0
DA:222,0
DA:223,0
DA:224,0
DA:226,0
DA:230,0
DA:239,0
DA:242,0
DA:251,0
DA:252,0
DA:253,0
DA:254,0
DA:255,0
DA:256,0
DA:258,0
DA:262,0
DA:271,0
DA:274,0
DA:282,0
DA:283,0
DA:284,0
DA:285,0
DA:286,0
DA:287,0
DA:289,0
DA:293,0
DA:302,0
DA:308,0
DA:309,0
DA:318,0
DA:320,0
DA:321,0
DA:322,0
DA:324,0
DA:325,0
DA:326,0
DA:327,0
DA:328,0
DA:329,0
DA:335,0
DA:336,0
DA:339,0
DA:343,1
LF:106
LH:2
BRDA:22,0,0,0
BRDA:22,0,1,0
BRDA:41,1,0,0
BRDA:41,1,1,0
BRDA:58,2,0,0
BRDA:58,2,1,0
BRDA:58,3,0,0
BRDA:58,3,1,0
BRDA:71,4,0,0
BRDA:71,4,1,0
BRDA:75,5,0,0
BRDA:75,5,1,0
BRDA:75,6,0,0
BRDA:75,6,1,0
BRDA:75,6,2,0
BRDA:75,6,3,0
BRDA:75,6,4,0
BRDA:75,6,5,0
BRDA:75,6,6,0
BRDA:92,7,0,0
BRDA:92,7,1,0
BRDA:92,8,0,0
BRDA:92,8,1,0
BRDA:111,9,0,0
BRDA:111,9,1,0
BRDA:113,10,0,0
BRDA:113,10,1,0
BRDA:129,11,0,0
BRDA:129,11,1,0
BRDA:129,12,0,0
BRDA:129,12,1,0
BRDA:143,13,0,0
BRDA:143,13,1,0
BRDA:147,14,0,0
BRDA:147,14,1,0
BRDA:147,15,0,0
BRDA:147,15,1,0
BRDA:148,16,0,0
BRDA:148,16,1,0
BRDA:152,17,0,0
BRDA:152,17,1,0
BRDA:152,18,0,0
BRDA:152,18,1,0
BRDA:160,19,0,0
BRDA:160,19,1,0
BRDA:180,20,0,0
BRDA:180,20,1,0
BRDA:180,21,0,0
BRDA:180,21,1,0
BRDA:191,22,0,0
BRDA:191,22,1,0
BRDA:191,23,0,0
BRDA:191,23,1,0
BRDA:193,24,0,0
BRDA:193,24,1,0
BRDA:193,25,0,0
BRDA:193,25,1,0
BRDA:209,26,0,0
BRDA:209,26,1,0
BRDA:209,27,0,0
BRDA:209,27,1,0
BRDA:221,28,0,0
BRDA:221,28,1,0
BRDA:221,29,0,0
BRDA:221,29,1,0
BRDA:223,30,0,0
BRDA:223,30,1,0
BRDA:223,31,0,0
BRDA:223,31,1,0
BRDA:239,32,0,0
BRDA:239,32,1,0
BRDA:239,33,0,0
BRDA:239,33,1,0
BRDA:253,34,0,0
BRDA:253,34,1,0
BRDA:253,35,0,0
BRDA:253,35,1,0
BRDA:255,36,0,0
BRDA:255,36,1,0
BRDA:255,37,0,0
BRDA:255,37,1,0
BRDA:271,38,0,0
BRDA:271,38,1,0
BRDA:271,39,0,0
BRDA:271,39,1,0
BRDA:284,40,0,0
BRDA:284,40,1,0
BRDA:284,41,0,0
BRDA:284,41,1,0
BRDA:286,42,0,0
BRDA:286,42,1,0
BRDA:286,43,0,0
BRDA:286,43,1,0
BRDA:318,44,0,0
BRDA:318,44,1,0
BRDA:318,45,0,0
BRDA:318,45,1,0
BRDA:322,46,0,0
BRDA:322,46,1,0
BRDA:325,47,0,0
BRDA:325,47,1,0
BRDA:328,48,0,0
BRDA:328,48,1,0
BRDA:335,49,0,0
BRDA:335,49,1,0
BRF:105
BRH:0
end_of_record
TN:
SF:src/parsers/english-parser.js
FN:11,(anonymous_0)
FN:20,(anonymous_1)
FN:57,(anonymous_2)
FN:91,(anonymous_3)
FN:128,(anonymous_4)
FN:187,(anonymous_5)
FN:212,(anonymous_6)
FN:234,(anonymous_7)
FN:259,(anonymous_8)
FNF:9
FNH:0
FNDA:0,(anonymous_0)
FNDA:0,(anonymous_1)
FNDA:0,(anonymous_2)
FNDA:0,(anonymous_3)
FNDA:0,(anonymous_4)
FNDA:0,(anonymous_5)
FNDA:0,(anonymous_6)
FNDA:0,(anonymous_7)
FNDA:0,(anonymous_8)
DA:8,1
DA:12,0
DA:21,0
DA:22,0
DA:24,0
DA:36,0
DA:41,0
DA:42,0
DA:46,0
DA:47,0
DA:49,0
DA:58,0
DA:61,0
DA:69,0
DA:70,0
DA:71,0
DA:72,0
DA:74,0
DA:75,0
DA:79,0
DA:83,0
DA:92,0
DA:95,0
DA:109,0
DA:110,0
DA:111,0
DA:112,0
DA:113,0
DA:114,0
DA:120,0
DA:129,0
DA:131,0
DA:132,0
DA:134,0
DA:135,0
DA:139,0
DA:140,0
DA:141,0
DA:142,0
DA:143,0
DA:147,0
DA:151,0
DA:152,0
DA:153,0
DA:154,0
DA:155,0
DA:159,0
DA:163,0
DA:164,0
DA:165,0
DA:166,0
DA:168,0
DA:169,0
DA:170,0
DA:175,0
DA:179,0
DA:188,0
DA:191,0
DA:198,0
DA:199,0
DA:200,0
DA:201,0
DA:204,0
DA:213,0
DA:215,0
DA:222,0
DA:223,0
DA:224,0
DA:226,0
DA:235,0
DA:238,0
DA:247,0
DA:248,0
DA:249,0
DA:251,0
DA:260,0
DA:262,0
DA:271,0
DA:272,0
DA:273,0
DA:275,0
DA:279,1
LF:82
LH:2
BRDA:22,0,0,0
BRDA:22,0,1,0
BRDA:41,1,0,0
BRDA:41,1,1,0
BRDA:58,2,0,0
BRDA:58,2,1,0
BRDA:58,3,0,0
BRDA:58,3,1,0
BRDA:71,4,0,0
BRDA:71,4,1,0
BRDA:75,5,0,0
BRDA:75,5,1,0
BRDA:75,6,0,0
BRDA:75,6,1,0
BRDA:75,6,2,0
BRDA:75,6,3,0
BRDA:75,6,4,0
BRDA:75,6,5,0
BRDA:75,6,6,0
BRDA:92,7,0,0
BRDA:92,7,1,0
BRDA:92,8,0,0
BRDA:92,8,1,0
BRDA:111,9,0,0
BRDA:111,9,1,0
BRDA:113,10,0,0
BRDA:113,10,1,0
BRDA:129,11,0,0
BRDA:129,11,1,0
BRDA:129,12,0,0
BRDA:129,12,1,0
BRDA:141,13,0,0
BRDA:141,13,1,0
BRDA:153,14,0,0
BRDA:153,14,1,0
BRDA:165,15,0,0
BRDA:165,15,1,0
BRDA:169,16,0,0
BRDA:169,16,1,0
BRDA:169,17,0,0
BRDA:169,17,1,0
BRDA:188,18,0,0
BRDA:188,18,1,0
BRDA:188,19,0,0
BRDA:188,19,1,0
BRDA:200,20,0,0
BRDA:200,20,1,0
BRDA:201,21,0,0
BRDA:201,21,1,0
BRDA:213,22,0,0
BRDA:213,22,1,0
BRDA:213,23,0,0
BRDA:213,23,1,0
BRDA:224,24,0,0
BRDA:224,24,1,0
BRDA:224,25,0,0
BRDA:224,25,1,0
BRDA:235,26,0,0
BRDA:235,26,1,0
BRDA:235,27,0,0
BRDA:235,27,1,0
BRDA:249,28,0,0
BRDA:249,28,1,0
BRDA:249,29,0,0
BRDA:249,29,1,0
BRDA:260,30,0,0
BRDA:260,30,1,0
BRDA:260,31,0,0
BRDA:260,31,1,0
BRDA:273,32,0,0
BRDA:273,32,1,0
BRDA:273,33,0,0
BRDA:273,33,1,0
BRF:73
BRH:0
end_of_record
TN:
SF:src/parsers/french-parser.js
FN:11,(anonymous_0)
FN:20,(anonymous_1)
FN:57,(anonymous_2)
FN:92,(anonymous_3)
FN:127,(anonymous_4)
FN:186,(anonymous_5)
FN:219,(anonymous_6)
FN:243,(anonymous_7)
FN:273,(anonymous_8)
FNF:9
FNH:0
FNDA:0,(anonymous_0)
FNDA:0,(anonymous_1)
FNDA:0,(anonymous_2)
FNDA:0,(anonymous_3)
FNDA:0,(anonymous_4)
FNDA:0,(anonymous_5)
FNDA:0,(anonymous_6)
FNDA:0,(anonymous_7)
FNDA:0,(anonymous_8)
DA:8,1
DA:12,0
DA:21,0
DA:22,0
DA:24,0
DA:36,0
DA:41,0
DA:42,0
DA:46,0
DA:47,0
DA:49,0
DA:58,0
DA:61,0
DA:70,0
DA:71,0
DA:72,0
DA:73,0
DA:75,0
DA:76,0
DA:80,0
DA:84,0
DA:93,0
DA:96,0
DA:108,0
DA:109,0
DA:110,0
DA:111,0
DA:112,0
DA:113,0
DA:119,0
DA:128,0
DA:130,0
DA:131,0
DA:133,0
DA:134,0
DA:138,0
DA:139,0
DA:140,0
DA:141,0
DA:142,0
DA:146,0
DA:150,0
DA:151,0
DA:152,0
DA:153,0
DA:154,0
DA:158,0
DA:162,0
DA:163,0
DA:164,0
DA:165,0
DA:167,0
DA:168,0
DA:169,0
DA:174,0
DA:178,0
DA:187,0
DA:190,0
DA:197,0
DA:198,0
DA:199,0
DA:200,0
DA:201,0
DA:202,0
DA:206,0
DA:207,0
DA:211,0
DA:220,0
DA:222,0
DA:231,0
DA:232,0
DA:233,0
DA:235,0
DA:244,0
DA:247,0
DA:258,0
DA:259,0
DA:260,0
DA:262,0
DA:265,0
DA:274,0
DA:276,0
DA:287,0
DA:288,0
DA:289,0
DA:290,0
DA:291,0
DA:292,0
DA:296,0
DA:297,0
DA:301,0
DA:305,1
LF:92
LH:2
BRDA:22,0,0,0
BRDA:22,0,1,0
BRDA:41,1,0,0
BRDA:41,1,1,0
BRDA:58,2,0,0
BRDA:58,2,1,0
BRDA:58,3,0,0
BRDA:58,3,1,0
BRDA:72,4,0,0
BRDA:72,4,1,0
BRDA:76,5,0,0
BRDA:76,5,1,0
BRDA:76,6,0,0
BRDA:76,6,1,0
BRDA:76,6,2,0
BRDA:76,6,3,0
BRDA:76,6,4,0
BRDA:76,6,5,0
BRDA:76,6,6,0
BRDA:93,7,0,0
BRDA:93,7,1,0
BRDA:93,8,0,0
BRDA:93,8,1,0
BRDA:110,9,0,0
BRDA:110,9,1,0
BRDA:112,10,0,0
BRDA:112,10,1,0
BRDA:128,11,0,0
BRDA:128,11,1,0
BRDA:128,12,0,0
BRDA:128,12,1,0
BRDA:140,13,0,0
BRDA:140,13,1,0
BRDA:152,14,0,0
BRDA:152,14,1,0
BRDA:164,15,0,0
BRDA:164,15,1,0
BRDA:168,16,0,0
BRDA:168,16,1,0
BRDA:168,17,0,0
BRDA:168,17,1,0
BRDA:187,18,0,0
BRDA:187,18,1,0
BRDA:187,19,0,0
BRDA:187,19,1,0
BRDA:199,20,0,0
BRDA:199,20,1,0
BRDA:201,21,0,0
BRDA:201,21,1,0
BRDA:206,22,0,0
BRDA:206,22,1,0
BRDA:206,23,0,0
BRDA:206,23,1,0
BRDA:220,24,0,0
BRDA:220,24,1,0
BRDA:220,25,0,0
BRDA:220,25,1,0
BRDA:233,26,0,0
BRDA:233,26,1,0
BRDA:244,27,0,0
BRDA:244,27,1,0
BRDA:244,28,0,0
BRDA:244,28,1,0
BRDA:260,29,0,0
BRDA:260,29,1,0
BRDA:262,30,0,0
BRDA:262,30,1,0
BRDA:274,31,0,0
BRDA:274,31,1,0
BRDA:274,32,0,0
BRDA:274,32,1,0
BRDA:289,33,0,0
BRDA:289,33,1,0
BRDA:291,34,0,0
BRDA:291,34,1,0
BRDA:296,35,0,0
BRDA:296,35,1,0
BRDA:296,36,0,0
BRDA:296,36,1,0
BRF:79
BRH:0
end_of_record
TN:
SF:src/parsers/german-parser.js
FN:11,(anonymous_0)
FN:20,(anonymous_1)
FN:57,(anonymous_2)
FN:92,(anonymous_3)
FN:142,(anonymous_4)
FN:201,(anonymous_5)
FN:239,(anonymous_6)
FN:265,(anonymous_7)
FN:298,(anonymous_8)
FN:341,(anonymous_9)
FN:357,(anonymous_10)
FNF:11
FNH:0
FNDA:0,(anonymous_0)
FNDA:0,(anonymous_1)
FNDA:0,(anonymous_2)
FNDA:0,(anonymous_3)
FNDA:0,(anonymous_4)
FNDA:0,(anonymous_5)
FNDA:0,(anonymous_6)
FNDA:0,(anonymous_7)
FNDA:0,(anonymous_8)
FNDA:0,(anonymous_9)
FNDA:0,(anonymous_10)
DA:8,1
DA:12,0
DA:21,0
DA:22,0
DA:24,0
DA:36,0
DA:41,0
DA:42,0
DA:46,0
DA:47,0
DA:49,0
DA:58,0
DA:61,0
DA:70,0
DA:71,0
DA:72,0
DA:73,0
DA:75,0
DA:76,0
DA:80,0
DA:84,0
DA:93,0
DA:96,0
DA:112,0
DA:113,0
DA:114,0
DA:115,0
DA:118,0
DA:119,0
DA:123,0
DA:124,0
DA:127,0
DA:128,0
DA:134,0
DA:143,0
DA:145,0
DA:146,0
DA:148,0
DA:149,0
DA:153,0
DA:154,0
DA:155,0
DA:156,0
DA:157,0
DA:161,0
DA:165,0
DA:166,0
DA:167,0
DA:168,0
DA:169,0
DA:173,0
DA:177,0
DA:178,0
DA:179,0
DA:180,0
DA:182,0
DA:183,0
DA:184,0
DA:189,0
DA:193,0
DA:202,0
DA:205,0
DA:217,0
DA:218,0
DA:219,0
DA:220,0
DA:221,0
DA:222,0
DA:226,0
DA:227,0
DA:231,0
DA:240,0
DA:242,0
DA:253,0
DA:254,0
DA:255,0
DA:257,0
DA:266,0
DA:269,0
DA:283,0
DA:284,0
DA:285,0
DA:287,0
DA:290,0
DA:299,0
DA:301,0
DA:319,0
DA:320,0
DA:321,0
DA:322,0
DA:323,0
DA:324,0
DA:328,0
DA:329,0
DA:333,0
DA:343,0
DA:344,0
DA:348,0
DA:351,0
DA:357,0
DA:360,0
DA:362,0
DA:366,1
LF:103
LH:2
BRDA:22,0,0,0
BRDA:22,0,1,0
BRDA:41,1,0,0
BRDA:41,1,1,0
BRDA:58,2,0,0
BRDA:58,2,1,0
BRDA:58,3,0,0
BRDA:58,3,1,0
BRDA:72,4,0,0
BRDA:72,4,1,0
BRDA:76,5,0,0
BRDA:76,5,1,0
BRDA:76,6,0,0
BRDA:76,6,1,0
BRDA:76,6,2,0
BRDA:76,6,3,0
BRDA:76,6,4,0
BRDA:76,6,5,0
BRDA:76,6,6,0
BRDA:93,7,0,0
BRDA:93,7,1,0
BRDA:93,8,0,0
BRDA:93,8,1,0
BRDA:114,9,0,0
BRDA:114,9,1,0
BRDA:118,10,0,0
BRDA:118,10,1,0
BRDA:118,11,0,0
BRDA:118,11,1,0
BRDA:123,12,0,0
BRDA:123,12,1,0
BRDA:127,13,0,0
BRDA:127,13,1,0
BRDA:143,14,0,0
BRDA:143,14,1,0
BRDA:143,15,0,0
BRDA:143,15,1,0
BRDA:155,16,0,0
BRDA:155,16,1,0
BRDA:167,17,0,0
BRDA:167,17,1,0
BRDA:179,18,0,0
BRDA:179,18,1,0
BRDA:183,19,0,0
BRDA:183,19,1,0
BRDA:183,20,0,0
BRDA:183,20,1,0
BRDA:202,21,0,0
BRDA:202,21,1,0
BRDA:202,22,0,0
BRDA:202,22,1,0
BRDA:219,23,0,0
BRDA:219,23,1,0
BRDA:221,24,0,0
BRDA:221,24,1,0
BRDA:226,25,0,0
BRDA:226,25,1,0
BRDA:226,26,0,0
BRDA:226,26,1,0
BRDA:240,27,0,0
BRDA:240,27,1,0
BRDA:240,28,0,0
BRDA:240,28,1,0
BRDA:255,29,0,0
BRDA:255,29,1,0
BRDA:266,30,0,0
BRDA:266,30,1,0
BRDA:266,31,0,0
BRDA:266,31,1,0
BRDA:285,32,0,0
BRDA:285,32,1,0
BRDA:287,33,0,0
BRDA:287,33,1,0
BRDA:299,34,0,0
BRDA:299,34,1,0
BRDA:299,35,0,0
BRDA:299,35,1,0
BRDA:321,36,0,0
BRDA:321,36,1,0
BRDA:323,37,0,0
BRDA:323,37,1,0
BRDA:328,38,0,0
BRDA:328,38,1,0
BRDA:328,39,0,0
BRDA:328,39,1,0
BRDA:343,40,0,0
BRDA:343,40,1,0
BRDA:362,41,0,0
BRDA:362,41,1,0
BRF:89
BRH:0
end_of_record
TN:
SF:src/parsers/italian-parser.js
FN:11,(anonymous_0)
FN:20,(anonymous_1)
FN:57,(anonymous_2)
FN:91,(anonymous_3)
FN:129,(anonymous_4)
FN:176,(anonymous_5)
FN:202,(anonymous_6)
FN:228,(anonymous_7)
FN:254,(anonymous_8)
FN:281,(anonymous_9)
FN:289,(anonymous_10)
FN:297,(anonymous_11)
FNF:12
FNH:0
FNDA:0,(anonymous_0)
FNDA:0,(anonymous_1)
FNDA:0,(anonymous_2)
FNDA:0,(anonymous_3)
FNDA:0,(anonymous_4)
FNDA:0,(anonymous_5)
FNDA:0,(anonymous_6)
FNDA:0,(anonymous_7)
FNDA:0,(anonymous_8)
FNDA:0,(anonymous_9)
FNDA:0,(anonymous_10)
FNDA:0,(anonymous_11)
DA:8,1
DA:12,0
DA:21,0
DA:22,0
DA:24,0
DA:36,0
DA:41,0
DA:42,0
DA:46,0
DA:47,0
DA:49,0
DA:58,0
DA:61,0
DA:69,0
DA:70,0
DA:71,0
DA:72,0
DA:74,0
DA:75,0
DA:79,0
DA:83,0
DA:92,0
DA:95,0
DA:110,0
DA:111,0
DA:112,0
DA:113,0
DA:114,0
DA:115,0
DA:121,0
DA:130,0
DA:132,0
DA:133,0
DA:136,0
DA:143,0
DA:144,0
DA:145,0
DA:147,0
DA:148,0
DA:149,0
DA:150,0
DA:151,0
DA:154,0
DA:157,0
DA:159,0
DA:163,0
DA:168,0
DA:177,0
DA:180,0
DA:187,0
DA:188,0
DA:189,0
DA:190,0
DA:194,0
DA:203,0
DA:206,0
DA:213,0
DA:214,0
DA:215,0
DA:216,0
DA:220,0
DA:229,0
DA:232,0
DA:239,0
DA:240,0
DA:241,0
DA:242,0
DA:246,0
DA:255,0
DA:258,0
DA:266,0
DA:267,0
DA:268,0
DA:269,0
DA:273,0
DA:282,0
DA:288,0
DA:289,0
DA:298,0
DA:300,0
DA:301,0
DA:302,0
DA:304,0
DA:305,0
DA:306,0
DA:307,0
DA:308,0
DA:309,0
DA:315,0
DA:316,0
DA:319,0
DA:323,1
LF:92
LH:2
BRDA:22,0,0,0
BRDA:22,0,1,0
BRDA:41,1,0,0
BRDA:41,1,1,0
BRDA:58,2,0,0
BRDA:58,2,1,0
BRDA:58,3,0,0
BRDA:58,3,1,0
BRDA:71,4,0,0
BRDA:71,4,1,0
BRDA:75,5,0,0
BRDA:75,5,1,0
BRDA:75,6,0,0
BRDA:75,6,1,0
BRDA:75,6,2,0
BRDA:75,6,3,0
BRDA:75,6,4,0
BRDA:75,6,5,0
BRDA:75,6,6,0
BRDA:92,7,0,0
BRDA:92,7,1,0
BRDA:92,8,0,0
BRDA:92,8,1,0
BRDA:112,9,0,0
BRDA:112,9,1,0
BRDA:114,10,0,0
BRDA:114,10,1,0
BRDA:130,11,0,0
BRDA:130,11,1,0
BRDA:130,12,0,0
BRDA:130,12,1,0
BRDA:145,13,0,0
BRDA:145,13,1,0
BRDA:149,14,0,0
BRDA:149,14,1,0
BRDA:150,15,0,0
BRDA:150,15,1,0
BRDA:157,16,0,0
BRDA:157,16,1,0
BRDA:177,17,0,0
BRDA:177,17,1,0
BRDA:177,18,0,0
BRDA:177,18,1,0
BRDA:189,19,0,0
BRDA:189,19,1,0
BRDA:203,20,0,0
BRDA:203,20,1,0
BRDA:203,21,0,0
BRDA:203,21,1,0
BRDA:215,22,0,0
BRDA:215,22,1,0
BRDA:229,23,0,0
BRDA:229,23,1,0
BRDA:229,24,0,0
BRDA:229,24,1,0
BRDA:241,25,0,0
BRDA:241,25,1,0
BRDA:255,26,0,0
BRDA:255,26,1,0
BRDA:255,27,0,0
BRDA:255,27,1,0
BRDA:268,28,0,0
BRDA:268,28,1,0
BRDA:298,29,0,0
BRDA:298,29,1,0
BRDA:298,30,0,0
BRDA:298,30,1,0
BRDA:302,31,0,0
BRDA:302,31,1,0
BRDA:305,32,0,0
BRDA:305,32,1,0
BRDA:308,33,0,0
BRDA:308,33,1,0
BRDA:315,34,0,0
BRDA:315,34,1,0
BRF:75
BRH:0
end_of_record
TN:
SF:src/parsers/japanese-parser.js
FN:11,(anonymous_0)
FN:20,(anonymous_1)
FN:57,(anonymous_2)
FN:91,(anonymous_3)
FN:127,(anonymous_4)
FN:173,(anonymous_5)
FN:198,(anonymous_6)
FN:224,(anonymous_7)
FN:249,(anonymous_8)
FN:276,(anonymous_9)
FN:283,(anonymous_10)
FN:291,(anonymous_11)
FNF:12
FNH:0
FNDA:0,(anonymous_0)
FNDA:0,(anonymous_1)
FNDA:0,(anonymous_2)
FNDA:0,(anonymous_3)
FNDA:0,(anonymous_4)
FNDA:0,(anonymous_5)
FNDA:0,(anonymous_6)
FNDA:0,(anonymous_7)
FNDA:0,(anonymous_8)
FNDA:0,(anonymous_9)
FNDA:0,(anonymous_10)
FNDA:0,(anonymous_11)
DA:8,1
DA:12,0
DA:21,0
DA:22,0
DA:24,0
DA:36,0
DA:41,0
DA:42,0
DA:46,0
DA:47,0
DA:49,0
DA:58,0
DA:61,0
DA:69,0
DA:70,0
DA:71,0
DA:72,0
DA:74,0
DA:75,0
DA:79,0
DA:83,0
DA:92,0
DA:95,0
DA:108,0
DA:109,0
DA:110,0
DA:111,0
DA:112,0
DA:113,0
DA:119,0
DA:128,0
DA:130,0
DA:131,0
DA:134,0
DA:140,0
DA:141,0
DA:142,0
DA:144,0
DA:145,0
DA:146,0
DA:147,0
DA:148,0
DA:151,0
DA:154,0
DA:156,0
DA:160,0
DA:165,0
DA:174,0
DA:177,0
DA:183,0
DA:184,0
DA:185,0
DA:186,0
DA:190,0
DA:199,0
DA:202,0
DA:209,0
DA:210,0
DA:211,0
DA:212,0
DA:216,0
DA:225,0
DA:228,0
DA:234,0
DA:235,0
DA:236,0
DA:237,0
DA:241,0
DA:250,0
DA:253,0
DA:261,0
DA:262,0
DA:263,0
DA:264,0
DA:268,0
DA:277,0
DA:282,0
DA:283,0
DA:292,0
DA:294,0
DA:295,0
DA:296,0
DA:298,0
DA:299,0
DA:300,0
DA:301,0
DA:302,0
DA:303,0
DA:309,0
DA:310,0
DA:313,0
DA:317,1
LF:92
LH:2
BRDA:22,0,0,0
BRDA:22,0,1,0
BRDA:41,1,0,0
BRDA:41,1,1,0
BRDA:58,2,0,0
BRDA:58,2,1,0
BRDA:58,3,0,0
BRDA:58,3,1,0
BRDA:71,4,0,0
BRDA:71,4,1,0
BRDA:75,5,0,0
BRDA:75,5,1,0
BRDA:75,6,0,0
BRDA:75,6,1,0
BRDA:75,6,2,0
BRDA:75,6,3,0
BRDA:75,6,4,0
BRDA:75,6,5,0
BRDA:75,6,6,0
BRDA:92,7,0,0
BRDA:92,7,1,0
BRDA:92,8,0,0
BRDA:92,8,1,0
BRDA:110,9,0,0
BRDA:110,9,1,0
BRDA:112,10,0,0
BRDA:112,10,1,0
BRDA:128,11,0,0
BRDA:128,11,1,0
BRDA:128,12,0,0
BRDA:128,12,1,0
BRDA:142,13,0,0
BRDA:142,13,1,0
BRDA:146,14,0,0
BRDA:146,14,1,0
BRDA:147,15,0,0
BRDA:147,15,1,0
BRDA:154,16,0,0
BRDA:154,16,1,0
BRDA:174,17,0,0
BRDA:174,17,1,0
BRDA:174,18,0,0
BRDA:174,18,1,0
BRDA:185,19,0,0
BRDA:185,19,1,0
BRDA:199,20,0,0
BRDA:199,20,1,0
BRDA:199,21,0,0
BRDA:199,21,1,0
BRDA:211,22,0,0
BRDA:211,22,1,0
BRDA:225,23,0,0
BRDA:225,23,1,0
BRDA:225,24,0,0
BRDA:225,24,1,0
BRDA:236,25,0,0
BRDA:236,25,1,0
BRDA:250,26,0,0
BRDA:250,26,1,0
BRDA:250,27,0,0
BRDA:250,27,1,0
BRDA:263,28,0,0
BRDA:263,28,1,0
BRDA:292,29,0,0
BRDA:292,29,1,0
BRDA:292,30,0,0
BRDA:292,30,1,0
BRDA:296,31,0,0
BRDA:296,31,1,0
BRDA:299,32,0,0
BRDA:299,32,1,0
BRDA:302,33,0,0
BRDA:302,33,1,0
BRDA:309,34,0,0
BRDA:309,34,1,0
BRF:75
BRH:0
end_of_record
TN:
SF:src/parsers/spanish-parser.js
FN:11,(anonymous_0)
FN:20,(anonymous_1)
FN:57,(anonymous_2)
FN:91,(anonymous_3)
FN:127,(anonymous_4)
FN:233,(anonymous_5)
FN:267,(anonymous_6)
FN:291,(anonymous_7)
FN:322,(anonymous_8)
FN:358,(anonymous_9)
FN:374,(anonymous_10)
FNF:11
FNH:0
FNDA:0,(anonymous_0)
FNDA:0,(anonymous_1)
FNDA:0,(anonymous_2)
FNDA:0,(anonymous_3)
FNDA:0,(anonymous_4)
FNDA:0,(anonymous_5)
FNDA:0,(anonymous_6)
FNDA:0,(anonymous_7)
FNDA:0,(anonymous_8)
FNDA:0,(anonymous_9)
FNDA:0,(anonymous_10)
DA:8,1
DA:12,0
DA:21,0
DA:22,0
DA:24,0
DA:36,0
DA:41,0
DA:42,0
DA:46,0
DA:47,0
DA:49,0
DA:58,0
DA:61,0
DA:69,0
DA:70,0
DA:71,0
DA:72,0
DA:74,0
DA:75,0
DA:79,0
DA:83,0
DA:92,0
DA:95,0
DA:108,0
DA:109,0
DA:110,0
DA:111,0
DA:112,0
DA:113,0
DA:119,0
DA:128,0
DA:130,0
DA:131,0
DA:133,0
DA:134,0
DA:137,0
DA:138,0
DA:140,0
DA:141,0
DA:145,0
DA:147,0
DA:148,0
DA:151,0
DA:154,0
DA:155,0
DA:156,0
DA:157,0
DA:158,0
DA:159,0
DA:163,0
DA:168,0
DA:169,0
DA:173,0
DA:174,0
DA:175,0
DA:176,0
DA:179,0
DA:180,0
DA:181,0
DA:182,0
DA:183,0
DA:187,0
DA:192,0
DA:193,0
DA:196,0
DA:201,0
DA:202,0
DA:203,0
DA:204,0
DA:205,0
DA:209,0
DA:213,0
DA:214,0
DA:215,0
DA:216,0
DA:217,0
DA:221,0
DA:225,0
DA:234,0
DA:237,0
DA:245,0
DA:246,0
DA:247,0
DA:248,0
DA:249,0
DA:250,0
DA:254,0
DA:255,0
DA:259,0
DA:268,0
DA:270,0
DA:279,0
DA:280,0
DA:281,0
DA:283,0
DA:292,0
DA:295,0
DA:307,0
DA:308,0
DA:309,0
DA:311,0
DA:314,0
DA:323,0
DA:325,0
DA:336,0
DA:337,0
DA:338,0
DA:339,0
DA:340,0
DA:341,0
DA:345,0
DA:346,0
DA:350,0
DA:360,0
DA:361,0
DA:365,0
DA:368,0
DA:374,0
DA:377,0
DA:379,0
DA:383,1
LF:121
LH:2
BRDA:22,0,0,0
BRDA:22,0,1,0
BRDA:41,1,0,0
BRDA:41,1,1,0
BRDA:58,2,0,0
BRDA:58,2,1,0
BRDA:58,3,0,0
BRDA:58,3,1,0
BRDA:71,4,0,0
BRDA:71,4,1,0
BRDA:75,5,0,0
BRDA:75,5,1,0
BRDA:75,6,0,0
BRDA:75,6,1,0
BRDA:75,6,2,0
BRDA:75,6,3,0
BRDA:75,6,4,0
BRDA:75,6,5,0
BRDA:75,6,6,0
BRDA:92,7,0,0
BRDA:92,7,1,0
BRDA:92,8,0,0
BRDA:92,8,1,0
BRDA:110,9,0,0
BRDA:110,9,1,0
BRDA:112,10,0,0
BRDA:112,10,1,0
BRDA:128,11,0,0
BRDA:128,11,1,0
BRDA:128,12,0,0
BRDA:128,12,1,0
BRDA:138,13,0,0
BRDA:138,13,1,0
BRDA:147,14,0,0
BRDA:147,14,1,0
BRDA:157,15,0,0
BRDA:157,15,1,0
BRDA:157,16,0,0
BRDA:157,16,1,0
BRDA:157,16,2,0
BRDA:174,17,0,0
BRDA:174,17,1,0
BRDA:174,18,0,0
BRDA:174,18,1,0
BRDA:181,19,0,0
BRDA:181,19,1,0
BRDA:181,20,0,0
BRDA:181,20,1,0
BRDA:181,20,2,0
BRDA:203,21,0,0
BRDA:203,21,1,0
BRDA:215,22,0,0
BRDA:215,22,1,0
BRDA:234,23,0,0
BRDA:234,23,1,0
BRDA:234,24,0,0
BRDA:234,24,1,0
BRDA:247,25,0,0
BRDA:247,25,1,0
BRDA:249,26,0,0
BRDA:249,26,1,0
BRDA:254,27,0,0
BRDA:254,27,1,0
BRDA:254,28,0,0
BRDA:254,28,1,0
BRDA:268,29,0,0
BRDA:268,29,1,0
BRDA:268,30,0,0
BRDA:268,30,1,0
BRDA:281,31,0,0
BRDA:281,31,1,0
BRDA:292,32,0,0
BRDA:292,32,1,0
BRDA:292,33,0,0
BRDA:292,33,1,0
BRDA:309,34,0,0
BRDA:309,34,1,0
BRDA:311,35,0,0
BRDA:311,35,1,0
BRDA:323,36,0,0
BRDA:323,36,1,0
BRDA:323,37,0,0
BRDA:323,37,1,0
BRDA:338,38,0,0
BRDA:338,38,1,0
BRDA:340,39,0,0
BRDA:340,39,1,0
BRDA:345,40,0,0
BRDA:345,40,1,0
BRDA:345,41,0,0
BRDA:345,41,1,0
BRDA:360,42,0,0
BRDA:360,42,1,0
BRDA:379,43,0,0
BRDA:379,43,1,0
BRF:95
BRH:0
end_of_record
TN:
SF:src/parsers/swiss-parser.js
FN:11,(anonymous_0)
FN:20,(anonymous_1)
FN:57,(anonymous_2)
FN:91,(anonymous_3)
FN:139,(anonymous_4)
FN:190,(anonymous_5)
FN:219,(anonymous_6)
FN:248,(anonymous_7)
FN:278,(anonymous_8)
FN:308,(anonymous_9)
FN:315,(anonymous_10)
FN:323,(anonymous_11)
FNF:12
FNH:0
FNDA:0,(anonymous_0)
FNDA:0,(anonymous_1)
FNDA:0,(anonymous_2)
FNDA:0,(anonymous_3)
FNDA:0,(anonymous_4)
FNDA:0,(anonymous_5)
FNDA:0,(anonymous_6)
FNDA:0,(anonymous_7)
FNDA:0,(anonymous_8)
FNDA:0,(anonymous_9)
FNDA:0,(anonymous_10)
FNDA:0,(anonymous_11)
DA:8,1
DA:12,0
DA:21,0
DA:22,0
DA:24,0
DA:36,0
DA:41,0
DA:42,0
DA:46,0
DA:47,0
DA:49,0
DA:58,0
DA:61,0
DA:69,0
DA:70,0
DA:71,0
DA:72,0
DA:74,0
DA:75,0
DA:79,0
DA:83,0
DA:92,0
DA:95,0
DA:109,0
DA:110,0
DA:111,0
DA:112,0
DA:115,0
DA:116,0
DA:120,0
DA:121,0
DA:124,0
DA:125,0
DA:131,0
DA:140,0
DA:142,0
DA:143,0
DA:146,0
DA:152,0
DA:153,0
DA:154,0
DA:156,0
DA:157,0
DA:158,0
DA:159,0
DA:160,0
DA:163,0
DA:164,0
DA:168,0
DA:171,0
DA:173,0
DA:177,0
DA:182,0
DA:191,0
DA:194,0
DA:200,0
DA:201,0
DA:202,0
DA:203,0
DA:204,0
DA:205,0
DA:207,0
DA:211,0
DA:220,0
DA:223,0
DA:229,0
DA:230,0
DA:231,0
DA:232,0
DA:233,0
DA:234,0
DA:236,0
DA:240,0
DA:249,0
DA:252,0
DA:259,0
DA:260,0
DA:261,0
DA:262,0
DA:263,0
DA:264,0
DA:266,0
DA:270,0
DA:279,0
DA:282,0
DA:289,0
DA:290,0
DA:291,0
DA:292,0
DA:293,0
DA:294,0
DA:296,0
DA:300,0
DA:309,0
DA:314,0
DA:315,0
DA:324,0
DA:326,0
DA:327,0
DA:328,0
DA:330,0
DA:331,0
DA:332,0
DA:333,0
DA:334,0
DA:335,0
DA:341,0
DA:342,0
DA:345,0
DA:349,1
LF:110
LH:2
BRDA:22,0,0,0
BRDA:22,0,1,0
BRDA:41,1,0,0
BRDA:41,1,1,0
BRDA:58,2,0,0
BRDA:58,2,1,0
BRDA:58,3,0,0
BRDA:58,3,1,0
BRDA:71,4,0,0
BRDA:71,4,1,0
BRDA:75,5,0,0
BRDA:75,5,1,0
BRDA:75,6,0,0
BRDA:75,6,1,0
BRDA:75,6,2,0
BRDA:75,6,3,0
BRDA:75,6,4,0
BRDA:75,6,5,0
BRDA:75,6,6,0
BRDA:92,7,0,0
BRDA:92,7,1,0
BRDA:92,8,0,0
BRDA:92,8,1,0
BRDA:111,9,0,0
BRDA:111,9,1,0
BRDA:115,10,0,0
BRDA:115,10,1,0
BRDA:115,11,0,0
BRDA:115,11,1,0
BRDA:120,12,0,0
BRDA:120,12,1,0
BRDA:124,13,0,0
BRDA:124,13,1,0
BRDA:140,14,0,0
BRDA:140,14,1,0
BRDA:140,15,0,0
BRDA:140,15,1,0
BRDA:154,16,0,0
BRDA:154,16,1,0
BRDA:158,17,0,0
BRDA:158,17,1,0
BRDA:159,18,0,0
BRDA:159,18,1,0
BRDA:163,19,0,0
BRDA:163,19,1,0
BRDA:171,20,0,0
BRDA:171,20,1,0
BRDA:191,21,0,0
BRDA:191,21,1,0
BRDA:191,22,0,0
BRDA:191,22,1,0
BRDA:202,23,0,0
BRDA:202,23,1,0
BRDA:204,24,0,0
BRDA:204,24,1,0
BRDA:220,25,0,0
BRDA:220,25,1,0
BRDA:220,26,0,0
BRDA:220,26,1,0
BRDA:231,27,0,0
BRDA:231,27,1,0
BRDA:233,28,0,0
BRDA:233,28,1,0
BRDA:249,29,0,0
BRDA:249,29,1,0
BRDA:249,30,0,0
BRDA:249,30,1,0
BRDA:261,31,0,0
BRDA:261,31,1,0
BRDA:263,32,0,0
BRDA:263,32,1,0
BRDA:279,33,0,0
BRDA:279,33,1,0
BRDA:279,34,0,0
BRDA:279,34,1,0
BRDA:291,35,0,0
BRDA:291,35,1,0
BRDA:293,36,0,0
BRDA:293,36,1,0
BRDA:324,37,0,0
BRDA:324,37,1,0
BRDA:324,38,0,0
BRDA:324,38,1,0
BRDA:328,39,0,0
BRDA:328,39,1,0
BRDA:331,40,0,0
BRDA:331,40,1,0
BRDA:334,41,0,0
BRDA:334,41,1,0
BRDA:341,42,0,0
BRDA:341,42,1,0
BRF:91
BRH:0
end_of_record
TN:
SF:src/parsers/uk-parser.js
FN:11,(anonymous_0)
FN:20,(anonymous_1)
FN:57,(anonymous_2)
FN:91,(anonymous_3)
FN:126,(anonymous_4)
FN:172,(anonymous_5)
FN:196,(anonymous_6)
FN:221,(anonymous_7)
FN:246,(anonymous_8)
FN:272,(anonymous_9)
FN:279,(anonymous_10)
FN:287,(anonymous_11)
FNF:12
FNH:0
FNDA:0,(anonymous_0)
FNDA:0,(anonymous_1)
FNDA:0,(anonymous_2)
FNDA:0,(anonymous_3)
FNDA:0,(anonymous_4)
FNDA:0,(anonymous_5)
FNDA:0,(anonymous_6)
FNDA:0,(anonymous_7)
FNDA:0,(anonymous_8)
FNDA:0,(anonymous_9)
FNDA:0,(anonymous_10)
FNDA:0,(anonymous_11)
DA:8,1
DA:12,0
DA:21,0
DA:22,0
DA:24,0
DA:36,0
DA:41,0
DA:42,0
DA:46,0
DA:47,0
DA:49,0
DA:58,0
DA:61,0
DA:69,0
DA:70,0
DA:71,0
DA:72,0
DA:74,0
DA:75,0
DA:79,0
DA:83,0
DA:92,0
DA:95,0
DA:107,0
DA:108,0
DA:109,0
DA:110,0
DA:111,0
DA:112,0
DA:118,0
DA:127,0
DA:129,0
DA:130,0
DA:133,0
DA:139,0
DA:140,0
DA:141,0
DA:143,0
DA:144,0
DA:145,0
DA:146,0
DA:147,0
DA:150,0
DA:153,0
DA:155,0
DA:159,0
DA:164,0
DA:173,0
DA:176,0
DA:181,0
DA:182,0
DA:183,0
DA:184,0
DA:188,0
DA:197,0
DA:200,0
DA:206,0
DA:207,0
DA:208,0
DA:209,0
DA:213,0
DA:222,0
DA:225,0
DA:231,0
DA:232,0
DA:233,0
DA:234,0
DA:238,0
DA:247,0
DA:250,0
DA:257,0
DA:258,0
DA:259,0
DA:260,0
DA:264,0
DA:273,0
DA:278,0
DA:279,0
DA:288,0
DA:290,0
DA:291,0
DA:292,0
DA:294,0
DA:295,0
DA:296,0
DA:297,0
DA:298,0
DA:299,0
DA:305,0
DA:306,0
DA:309,0
DA:313,1
LF:92
LH:2
BRDA:22,0,0,0
BRDA:22,0,1,0
BRDA:41,1,0,0
BRDA:41,1,1,0
BRDA:58,2,0,0
BRDA:58,2,1,0
BRDA:58,3,0,0
BRDA:58,3,1,0
BRDA:71,4,0,0
BRDA:71,4,1,0
BRDA:75,5,0,0
BRDA:75,5,1,0
BRDA:75,6,0,0
BRDA:75,6,1,0
BRDA:75,6,2,0
BRDA:75,6,3,0
BRDA:75,6,4,0
BRDA:75,6,5,0
BRDA:75,6,6,0
BRDA:92,7,0,0
BRDA:92,7,1,0
BRDA:92,8,0,0
BRDA:92,8,1,0
BRDA:109,9,0,0
BRDA:109,9,1,0
BRDA:111,10,0,0
BRDA:111,10,1,0
BRDA:127,11,0,0
BRDA:127,11,1,0
BRDA:127,12,0,0
BRDA:127,12,1,0
BRDA:141,13,0,0
BRDA:141,13,1,0
BRDA:145,14,0,0
BRDA:145,14,1,0
BRDA:146,15,0,0
BRDA:146,15,1,0
BRDA:153,16,0,0
BRDA:153,16,1,0
BRDA:173,17,0,0
BRDA:173,17,1,0
BRDA:173,18,0,0
BRDA:173,18,1,0
BRDA:183,19,0,0
BRDA:183,19,1,0
BRDA:197,20,0,0
BRDA:197,20,1,0
BRDA:197,21,0,0
BRDA:197,21,1,0
BRDA:208,22,0,0
BRDA:208,22,1,0
BRDA:222,23,0,0
BRDA:222,23,1,0
BRDA:222,24,0,0
BRDA:222,24,1,0
BRDA:233,25,0,0
BRDA:233,25,1,0
BRDA:247,26,0,0
BRDA:247,26,1,0
BRDA:247,27,0,0
BRDA:247,27,1,0
BRDA:259,28,0,0
BRDA:259,28,1,0
BRDA:288,29,0,0
BRDA:288,29,1,0
BRDA:288,30,0,0
BRDA:288,30,1,0
BRDA:292,31,0,0
BRDA:292,31,1,0
BRDA:295,32,0,0
BRDA:295,32,1,0
BRDA:298,33,0,0
BRDA:298,33,1,0
BRDA:305,34,0,0
BRDA:305,34,1,0
BRF:75
BRH:0
end_of_record
TN:
SF:src/reports/reporting.js
FN:2,(anonymous_0)
FN:14,(anonymous_1)
FN:69,(anonymous_2)
FN:74,(anonymous_3)
FN:83,(anonymous_4)
FN:88,(anonymous_5)
FN:91,(anonymous_6)
FN:97,(anonymous_7)
FN:99,(anonymous_8)
FN:102,(anonymous_9)
FN:108,(anonymous_10)
FN:111,(anonymous_11)
FN:139,(anonymous_12)
FN:142,(anonymous_13)
FN:145,(anonymous_14)
FN:148,(anonymous_15)
FN:169,(anonymous_16)
FN:171,(anonymous_17)
FN:177,(anonymous_18)
FN:180,(anonymous_19)
FN:206,(anonymous_20)
FN:207,(anonymous_21)
FN:223,(anonymous_22)
FN:226,(anonymous_23)
FN:244,(anonymous_24)
FN:248,(anonymous_25)
FN:252,(anonymous_26)
FN:287,(anonymous_27)
FN:307,(anonymous_28)
FN:316,(anonymous_29)
FN:359,(anonymous_30)
FNF:31
FNH:0
FNDA:0,(anonymous_0)
FNDA:0,(anonymous_1)
FNDA:0,(anonymous_2)
FNDA:0,(anonymous_3)
FNDA:0,(anonymous_4)
FNDA:0,(anonymous_5)
FNDA:0,(anonymous_6)
FNDA:0,(anonymous_7)
FNDA:0,(anonymous_8)
FNDA:0,(anonymous_9)
FNDA:0,(anonymous_10)
FNDA:0,(anonymous_11)
FNDA:0,(anonymous_12)
FNDA:0,(anonymous_13)
FNDA:0,(anonymous_14)
FNDA:0,(anonymous_15)
FNDA:0,(anonymous_16)
FNDA:0,(anonymous_17)
FNDA:0,(anonymous_18)
FNDA:0,(anonymous_19)
FNDA:0,(anonymous_20)
FNDA:0,(anonymous_21)
FNDA:0,(anonymous_22)
FNDA:0,(anonymous_23)
FNDA:0,(anonymous_24)
FNDA:0,(anonymous_25)
FNDA:0,(anonymous_26)
FNDA:0,(anonymous_27)
FNDA:0,(anonymous_28)
FNDA:0,(anonymous_29)
FNDA:0,(anonymous_30)
DA:3,0
DA:15,0
DA:16,0
DA:19,0
DA:20,0
DA:29,0
DA:32,0
DA:33,0
DA:35,0
DA:49,0
DA:50,0
DA:54,0
DA:55,0
DA:59,0
DA:60,0
DA:64,0
DA:66,0
DA:70,0
DA:71,0
DA:74,0
DA:75,0
DA:76,0
DA:77,0
DA:79,0
DA:85,0
DA:90,0
DA:91,0
DA:92,0
DA:93,0
DA:96,0
DA:97,0
DA:99,0
DA:103,0
DA:104,0
DA:105,0
DA:109,0
DA:111,0
DA:112,0
DA:113,0
DA:114,0
DA:116,0
DA:117,0
DA:118,0
DA:120,0
DA:121,0
DA:130,0
DA:131,0
DA:138,0
DA:139,0
DA:143,0
DA:145,0
DA:146,0
DA:148,0
DA:149,0
DA:150,0
DA:151,0
DA:153,0
DA:154,0
DA:162,0
DA:163,0
DA:168,0
DA:169,0
DA:171,0
DA:172,0
DA:173,0
DA:177,0
DA:181,0
DA:183,0
DA:184,0
DA:193,0
DA:194,0
DA:195,0
DA:196,0
DA:197,0
DA:198,0
DA:206,0
DA:207,0
DA:210,0
DA:211,0
DA:212,0
DA:214,0
DA:224,0
DA:226,0
DA:227,0
DA:228,0
DA:230,0
DA:231,0
DA:239,0
DA:240,0
DA:244,0
DA:245,0
DA:248,0
DA:253,0
DA:255,0
DA:257,0
DA:266,0
DA:267,0
DA:268,0
DA:269,0
DA:270,0
DA:271,0
DA:272,0
DA:274,0
DA:280,0
DA:281,0
DA:283,0
DA:288,0
DA:290,0
DA:293,0
DA:306,0
DA:307,0
DA:308,0
DA:312,0
DA:317,0
DA:320,0
DA:326,0
DA:329,0
DA:330,0
DA:332,0
DA:334,0
DA:337,0
DA:339,0
DA:343,0
DA:344,0
DA:346,0
DA:349,0
DA:354,0
DA:355,0
DA:360,0
DA:363,0
DA:364,0
DA:368,0
LF:132
LH:0
BRDA:14,0,0,0
BRDA:15,1,0,0
BRDA:15,1,1,0
BRDA:19,2,0,0
BRDA:19,2,1,0
BRDA:24,3,0,0
BRDA:25,4,0,0
BRDA:26,5,0,0
BRDA:27,6,0,0
BRDA:28,7,0,0
BRDA:49,8,0,0
BRDA:49,8,1,0
BRDA:54,9,0,0
BRDA:54,9,1,0
BRDA:59,10,0,0
BRDA:59,10,1,0
BRDA:70,11,0,0
BRDA:70,11,1,0
BRDA:70,12,0,0
BRDA:70,12,1,0
BRDA:75,13,0,0
BRDA:75,13,1,0
BRDA:75,14,0,0
BRDA:75,14,1,0
BRDA:92,15,0,0
BRDA:92,15,1,0
BRDA:93,16,0,0
BRDA:93,16,1,0
BRDA:103,17,0,0
BRDA:103,17,1,0
BRDA:114,18,0,0
BRDA:114,18,1,0
BRDA:117,19,0,0
BRDA:117,19,1,0
BRDA:120,20,0,0
BRDA:120,20,1,0
BRDA:146,21,0,0
BRDA:146,21,1,0
BRDA:146,22,0,0
BRDA:146,22,1,0
BRDA:150,23,0,0
BRDA:150,23,1,0
BRDA:153,24,0,0
BRDA:153,24,1,0
BRDA:173,25,0,0
BRDA:173,25,1,0
BRDA:183,26,0,0
BRDA:183,26,1,0
BRDA:197,27,0,0
BRDA:197,27,1,0
BRDA:210,28,0,0
BRDA:210,28,1,0
BRDA:211,29,0,0
BRDA:211,29,1,0
BRDA:227,30,0,0
BRDA:227,30,1,0
BRDA:228,31,0,0
BRDA:228,31,1,0
BRDA:230,32,0,0
BRDA:230,32,1,0
BRDA:253,33,0,0
BRDA:253,33,1,0
BRDA:268,34,0,0
BRDA:268,34,1,0
BRDA:269,35,0,0
BRDA:269,35,1,0
BRDA:271,36,0,0
BRDA:271,36,1,0
BRDA:281,37,0,0
BRDA:281,37,1,0
BRDA:288,38,0,0
BRDA:288,38,1,0
BRDA:307,39,0,0
BRDA:307,39,1,0
BRDA:317,40,0,0
BRDA:317,40,1,0
BRDA:317,41,0,0
BRDA:317,41,1,0
BRDA:326,42,0,0
BRDA:326,42,1,0
BRDA:326,43,0,0
BRDA:326,43,1,0
BRDA:332,44,0,0
BRDA:332,44,1,0
BRDA:339,45,0,0
BRDA:339,45,1,0
BRDA:344,46,0,0
BRDA:344,46,1,0
BRDA:344,47,0,0
BRDA:344,47,1,0
BRDA:344,47,2,0
BRDA:355,48,0,0
BRDA:355,48,1,0
BRDA:360,49,0,0
BRDA:360,49,1,0
BRDA:360,50,0,0
BRDA:360,50,1,0
BRDA:364,51,0,0
BRDA:364,51,1,0
BRF:99
BRH:0
end_of_record
TN:
SF:src/types/schemas.js
FNF:0
FNH:0
DA:1,1
DA:4,1
DA:84,1
DA:97,1
LF:4
LH:4
BRF:0
BRH:0
end_of_record
TN:
SF:src/utils/csv-converter.js
FN:1,invoiceToCSV
FN:51,(anonymous_1)
FN:70,(anonymous_2)
FN:73,reportToCSV
FN:108,(anonymous_4)
FN:125,(anonymous_5)
FN:142,(anonymous_6)
FN:158,(anonymous_7)
FN:183,(anonymous_8)
FN:203,(anonymous_9)
FN:206,escapeCSV
FNF:11
FNH:0
FNDA:0,invoiceToCSV
FNDA:0,(anonymous_1)
FNDA:0,(anonymous_2)
FNDA:0,reportToCSV
FNDA:0,(anonymous_4)
FNDA:0,(anonymous_5)
FNDA:0,(anonymous_6)
FNDA:0,(anonymous_7)
FNDA:0,(anonymous_8)
FNDA:0,(anonymous_9)
FNDA:0,escapeCSV
DA:2,0
DA:5,0
DA:19,0
DA:22,0
DA:23,0
DA:24,0
DA:25,0
DA:26,0
DA:27,0
DA:28,0
DA:29,0
DA:30,0
DA:31,0
DA:34,0
DA:35,0
DA:51,0
DA:52,0
DA:53,0
DA:70,0
DA:74,0
DA:75,0
DA:78,0
DA:88,0
DA:91,0
DA:92,0
DA:104,0
DA:105,0
DA:106,0
DA:108,0
DA:109,0
DA:121,0
DA:122,0
DA:123,0
DA:125,0
DA:126,0
DA:138,0
DA:139,0
DA:140,0
DA:142,0
DA:143,0
DA:154,0
DA:155,0
DA:156,0
DA:158,0
DA:159,0
DA:160,0
DA:161,0
DA:162,0
DA:163,0
DA:164,0
DA:165,0
DA:166,0
DA:168,0
DA:169,0
DA:183,0
DA:184,0
DA:185,0
DA:203,0
DA:207,0
DA:208,0
DA:210,0
DA:211,0
DA:213,0
DA:216,0
LF:64
LH:0
BRDA:22,0,0,0
BRDA:22,0,1,0
BRDA:23,1,0,0
BRDA:23,1,1,0
BRDA:24,2,0,0
BRDA:24,2,1,0
BRDA:25,3,0,0
BRDA:25,3,1,0
BRDA:26,4,0,0
BRDA:26,4,1,0
BRDA:27,5,0,0
BRDA:27,5,1,0
BRDA:28,6,0,0
BRDA:28,6,1,0
BRDA:29,7,0,0
BRDA:29,7,1,0
BRDA:30,8,0,0
BRDA:30,8,1,0
BRDA:31,9,0,0
BRDA:31,9,1,0
BRDA:34,10,0,0
BRDA:34,10,1,0
BRDA:34,11,0,0
BRDA:34,11,1,0
BRDA:54,12,0,0
BRDA:54,12,1,0
BRDA:55,13,0,0
BRDA:55,13,1,0
BRDA:56,14,0,0
BRDA:56,14,1,0
BRDA:57,15,0,0
BRDA:57,15,1,0
BRDA:58,16,0,0
BRDA:58,16,1,0
BRDA:59,17,0,0
BRDA:59,17,1,0
BRDA:60,18,0,0
BRDA:60,18,1,0
BRDA:61,19,0,0
BRDA:61,19,1,0
BRDA:62,20,0,0
BRDA:62,20,1,0
BRDA:63,21,0,0
BRDA:63,21,1,0
BRDA:64,22,0,0
BRDA:64,22,1,0
BRDA:65,23,0,0
BRDA:65,23,1,0
BRDA:75,24,0,0
BRDA:75,24,1,0
BRDA:91,25,0,0
BRDA:91,25,1,0
BRDA:94,26,0,0
BRDA:94,26,1,0
BRDA:95,27,0,0
BRDA:95,27,1,0
BRDA:97,28,0,0
BRDA:97,28,1,0
BRDA:98,29,0,0
BRDA:98,29,1,0
BRDA:99,30,0,0
BRDA:99,30,1,0
BRDA:100,31,0,0
BRDA:100,31,1,0
BRDA:100,32,0,0
BRDA:100,32,1,0
BRDA:104,33,0,0
BRDA:104,33,1,0
BRDA:104,34,0,0
BRDA:104,34,1,0
BRDA:121,35,0,0
BRDA:121,35,1,0
BRDA:121,36,0,0
BRDA:121,36,1,0
BRDA:138,37,0,0
BRDA:138,37,1,0
BRDA:138,38,0,0
BRDA:138,38,1,0
BRDA:154,39,0,0
BRDA:154,39,1,0
BRDA:154,40,0,0
BRDA:154,40,1,0
BRDA:159,41,0,0
BRDA:159,41,1,0
BRDA:160,42,0,0
BRDA:160,42,1,0
BRDA:161,43,0,0
BRDA:161,43,1,0
BRDA:162,44,0,0
BRDA:162,44,1,0
BRDA:163,45,0,0
BRDA:163,45,1,0
BRDA:164,46,0,0
BRDA:164,46,1,0
BRDA:165,47,0,0
BRDA:165,47,1,0
BRDA:166,48,0,0
BRDA:166,48,1,0
BRDA:168,49,0,0
BRDA:168,49,1,0
BRDA:168,50,0,0
BRDA:168,50,1,0
BRDA:187,51,0,0
BRDA:187,51,1,0
BRDA:188,52,0,0
BRDA:188,52,1,0
BRDA:189,53,0,0
BRDA:189,53,1,0
BRDA:190,54,0,0
BRDA:190,54,1,0
BRDA:191,55,0,0
BRDA:191,55,1,0
BRDA:192,56,0,0
BRDA:192,56,1,0
BRDA:193,57,0,0
BRDA:193,57,1,0
BRDA:194,58,0,0
BRDA:194,58,1,0
BRDA:195,59,0,0
BRDA:195,59,1,0
BRDA:196,60,0,0
BRDA:196,60,1,0
BRDA:207,61,0,0
BRDA:207,61,1,0
BRDA:210,62,0,0
BRDA:210,62,1,0
BRDA:210,63,0,0
BRDA:210,63,1,0
BRDA:210,63,2,0
BRF:129
BRH:0
end_of_record
TN:
SF:src/utils/file-operations.js
FN:4,ensureDirectoryExists
FN:10,createBackupFile
FN:25,safeWriteFile
FNF:3
FNH:0
FNDA:0,ensureDirectoryExists
FNDA:0,createBackupFile
FNDA:0,safeWriteFile
DA:1,0
DA:2,0
DA:5,0
DA:6,0
DA:11,0
DA:12,0
DA:13,0
DA:14,0
DA:15,0
DA:16,0
DA:17,0
DA:19,0
DA:20,0
DA:22,0
DA:26,0
DA:28,0
DA:29,0
DA:32,0
DA:33,0
DA:36,0
DA:39,0
LF:21
LH:0
BRDA:5,0,0,0
BRDA:5,0,1,0
BRDA:11,1,0,0
BRDA:11,1,1,0
BRDA:25,2,0,0
BRDA:26,3,0,0
BRDA:26,4,0,0
BRDA:28,5,0,0
BRDA:28,5,1,0
BRDA:28,6,0,0
BRDA:28,6,1,0
BRDA:32,7,0,0
BRDA:32,7,1,0
BRF:13
BRH:0
end_of_record
